09-05-2022 20:58:39 -> Casteo_de_Data -> INFO: Prueba técnica Lulo Bank
09-05-2022 20:58:39 -> Casteo_de_Data -> INFO: Ejecutando etapa cast_std
09-05-2022 20:58:39 -> Casteo_de_Data -> INFO: 7. Iniciando etapa de casteo y estandarización ...
09-05-2022 20:58:39 -> Casteo_de_Data -> INFO: ----------
09-05-2022 20:58:39 -> Casteo_de_Data -> INFO: 7.1. Leyendo la data obtenida en el pre procesado para la fecha: 2020-12-01 ...
09-05-2022 20:58:39 -> Casteo_de_Data -> INFO: 7.1. Data leída correctamente
09-05-2022 20:58:39 -> Casteo_de_Data -> INFO: 7.2. Uniendo data limpia ...
09-05-2022 20:58:39 -> Casteo_de_Data -> INFO: 7.2. Data limpia OK
09-05-2022 20:58:39 -> Casteo_de_Data -> INFO: 7.3. Casteando data limpia ...
09-05-2022 20:58:39 -> Casteo_de_Data -> INFO: 7.3. Casteo OK ...
09-05-2022 20:58:39 -> Casteo_de_Data -> INFO: 7.4. Guardando data limpia por día ...
09-05-2022 20:58:39 -> Casteo_de_Data -> INFO: 7.4. Guardado OK
09-05-2022 20:58:39 -> Casteo_de_Data -> INFO: ----------
09-05-2022 20:58:39 -> Casteo_de_Data -> INFO: 7.1. Leyendo la data obtenida en el pre procesado para la fecha: 2020-12-02 ...
09-05-2022 20:58:39 -> Casteo_de_Data -> INFO: 7.1. Data leída correctamente
09-05-2022 20:58:39 -> Casteo_de_Data -> INFO: 7.2. Uniendo data limpia ...
09-05-2022 20:58:39 -> Casteo_de_Data -> INFO: 7.2. Data limpia OK
09-05-2022 20:58:39 -> Casteo_de_Data -> INFO: 7.3. Casteando data limpia ...
09-05-2022 20:58:39 -> Casteo_de_Data -> INFO: 7.3. Casteo OK ...
09-05-2022 20:58:39 -> Casteo_de_Data -> INFO: 7.4. Guardando data limpia por día ...
09-05-2022 20:58:39 -> Casteo_de_Data -> INFO: 7.4. Guardado OK
09-05-2022 20:58:39 -> Casteo_de_Data -> INFO: ----------
09-05-2022 20:58:39 -> Casteo_de_Data -> INFO: 7.1. Leyendo la data obtenida en el pre procesado para la fecha: 2020-12-03 ...
09-05-2022 20:58:39 -> Casteo_de_Data -> INFO: 7.1. Data leída correctamente
09-05-2022 20:58:39 -> Casteo_de_Data -> INFO: 7.2. Uniendo data limpia ...
09-05-2022 20:58:39 -> Casteo_de_Data -> INFO: 7.2. Data limpia OK
09-05-2022 20:58:39 -> Casteo_de_Data -> INFO: 7.3. Casteando data limpia ...
09-05-2022 20:58:39 -> Casteo_de_Data -> INFO: 7.3. Casteo OK ...
09-05-2022 20:58:39 -> Casteo_de_Data -> INFO: 7.4. Guardando data limpia por día ...
09-05-2022 20:58:39 -> Casteo_de_Data -> INFO: 7.4. Guardado OK
09-05-2022 20:58:39 -> Casteo_de_Data -> INFO: ----------
09-05-2022 20:58:39 -> Casteo_de_Data -> INFO: 7.1. Leyendo la data obtenida en el pre procesado para la fecha: 2020-12-04 ...
09-05-2022 20:58:39 -> Casteo_de_Data -> INFO: 7.1. Data leída correctamente
09-05-2022 20:58:39 -> Casteo_de_Data -> INFO: 7.2. Uniendo data limpia ...
09-05-2022 20:58:39 -> Casteo_de_Data -> INFO: 7.2. Data limpia OK
09-05-2022 20:58:39 -> Casteo_de_Data -> INFO: 7.3. Casteando data limpia ...
09-05-2022 20:58:39 -> Casteo_de_Data -> INFO: 7.3. Casteo OK ...
09-05-2022 20:58:39 -> Casteo_de_Data -> INFO: 7.4. Guardando data limpia por día ...
09-05-2022 20:58:39 -> Casteo_de_Data -> INFO: 7.4. Guardado OK
09-05-2022 20:58:39 -> Casteo_de_Data -> INFO: ----------
09-05-2022 20:58:39 -> Casteo_de_Data -> INFO: 7.1. Leyendo la data obtenida en el pre procesado para la fecha: 2020-12-05 ...
09-05-2022 20:58:39 -> Casteo_de_Data -> INFO: 7.1. Data leída correctamente
09-05-2022 20:58:39 -> Casteo_de_Data -> INFO: 7.2. Uniendo data limpia ...
09-05-2022 20:58:39 -> Casteo_de_Data -> INFO: 7.2. Data limpia OK
09-05-2022 20:58:39 -> Casteo_de_Data -> INFO: 7.3. Casteando data limpia ...
09-05-2022 20:58:39 -> Casteo_de_Data -> INFO: 7.3. Casteo OK ...
09-05-2022 20:58:39 -> Casteo_de_Data -> INFO: 7.4. Guardando data limpia por día ...
09-05-2022 20:58:39 -> Casteo_de_Data -> INFO: 7.4. Guardado OK
09-05-2022 20:58:39 -> Casteo_de_Data -> INFO: ----------
09-05-2022 20:58:39 -> Casteo_de_Data -> INFO: 7.1. Leyendo la data obtenida en el pre procesado para la fecha: 2020-12-06 ...
09-05-2022 20:58:39 -> Casteo_de_Data -> INFO: 7.1. Data leída correctamente
09-05-2022 20:58:39 -> Casteo_de_Data -> INFO: 7.2. Uniendo data limpia ...
09-05-2022 20:58:39 -> Casteo_de_Data -> INFO: 7.2. Data limpia OK
09-05-2022 20:58:39 -> Casteo_de_Data -> INFO: 7.3. Casteando data limpia ...
09-05-2022 20:58:39 -> Casteo_de_Data -> INFO: 7.3. Casteo OK ...
09-05-2022 20:58:39 -> Casteo_de_Data -> INFO: 7.4. Guardando data limpia por día ...
09-05-2022 20:58:39 -> Casteo_de_Data -> INFO: 7.4. Guardado OK
09-05-2022 20:58:39 -> Casteo_de_Data -> INFO: ----------
09-05-2022 20:58:39 -> Casteo_de_Data -> INFO: 7.1. Leyendo la data obtenida en el pre procesado para la fecha: 2020-12-07 ...
09-05-2022 20:58:39 -> Casteo_de_Data -> INFO: 7.1. Data leída correctamente
09-05-2022 20:58:39 -> Casteo_de_Data -> INFO: 7.2. Uniendo data limpia ...
09-05-2022 20:58:39 -> Casteo_de_Data -> INFO: 7.2. Data limpia OK
09-05-2022 20:58:39 -> Casteo_de_Data -> INFO: 7.3. Casteando data limpia ...
09-05-2022 20:58:39 -> Casteo_de_Data -> INFO: 7.3. Casteo OK ...
09-05-2022 20:58:39 -> Casteo_de_Data -> INFO: 7.4. Guardando data limpia por día ...
09-05-2022 20:58:39 -> Casteo_de_Data -> INFO: 7.4. Guardado OK
09-05-2022 20:58:39 -> Casteo_de_Data -> INFO: ----------
09-05-2022 20:58:39 -> Casteo_de_Data -> INFO: 7.1. Leyendo la data obtenida en el pre procesado para la fecha: 2020-12-08 ...
09-05-2022 20:58:39 -> Casteo_de_Data -> INFO: 7.1. Data leída correctamente
09-05-2022 20:58:39 -> Casteo_de_Data -> INFO: 7.2. Uniendo data limpia ...
09-05-2022 20:58:39 -> Casteo_de_Data -> INFO: 7.2. Data limpia OK
09-05-2022 20:58:39 -> Casteo_de_Data -> INFO: 7.3. Casteando data limpia ...
09-05-2022 20:58:39 -> Casteo_de_Data -> INFO: 7.3. Casteo OK ...
09-05-2022 20:58:39 -> Casteo_de_Data -> INFO: 7.4. Guardando data limpia por día ...
09-05-2022 20:58:39 -> Casteo_de_Data -> INFO: 7.4. Guardado OK
09-05-2022 20:58:39 -> Casteo_de_Data -> INFO: ----------
09-05-2022 20:58:39 -> Casteo_de_Data -> INFO: 7.1. Leyendo la data obtenida en el pre procesado para la fecha: 2020-12-09 ...
09-05-2022 20:58:39 -> Casteo_de_Data -> INFO: 7.1. Data leída correctamente
09-05-2022 20:58:39 -> Casteo_de_Data -> INFO: 7.2. Uniendo data limpia ...
09-05-2022 20:58:39 -> Casteo_de_Data -> INFO: 7.2. Data limpia OK
09-05-2022 20:58:39 -> Casteo_de_Data -> INFO: 7.3. Casteando data limpia ...
09-05-2022 20:58:39 -> Casteo_de_Data -> INFO: 7.3. Casteo OK ...
09-05-2022 20:58:39 -> Casteo_de_Data -> INFO: 7.4. Guardando data limpia por día ...
09-05-2022 20:58:39 -> Casteo_de_Data -> INFO: 7.4. Guardado OK
09-05-2022 20:58:39 -> Casteo_de_Data -> INFO: ----------
09-05-2022 20:58:39 -> Casteo_de_Data -> INFO: 7.1. Leyendo la data obtenida en el pre procesado para la fecha: 2020-12-10 ...
09-05-2022 20:58:39 -> Casteo_de_Data -> INFO: 7.1. Data leída correctamente
09-05-2022 20:58:39 -> Casteo_de_Data -> INFO: 7.2. Uniendo data limpia ...
09-05-2022 20:58:39 -> Casteo_de_Data -> INFO: 7.2. Data limpia OK
09-05-2022 20:58:39 -> Casteo_de_Data -> INFO: 7.3. Casteando data limpia ...
09-05-2022 20:58:39 -> Casteo_de_Data -> INFO: 7.3. Casteo OK ...
09-05-2022 20:58:39 -> Casteo_de_Data -> INFO: 7.4. Guardando data limpia por día ...
09-05-2022 20:58:39 -> Casteo_de_Data -> INFO: 7.4. Guardado OK
09-05-2022 20:58:39 -> Casteo_de_Data -> INFO: ----------
09-05-2022 20:58:39 -> Casteo_de_Data -> INFO: 7.1. Leyendo la data obtenida en el pre procesado para la fecha: 2020-12-11 ...
09-05-2022 20:58:39 -> Casteo_de_Data -> INFO: 7.1. Data leída correctamente
09-05-2022 20:58:39 -> Casteo_de_Data -> INFO: 7.2. Uniendo data limpia ...
09-05-2022 20:58:39 -> Casteo_de_Data -> INFO: 7.2. Data limpia OK
09-05-2022 20:58:39 -> Casteo_de_Data -> INFO: 7.3. Casteando data limpia ...
09-05-2022 20:58:39 -> Casteo_de_Data -> INFO: 7.3. Casteo OK ...
09-05-2022 20:58:39 -> Casteo_de_Data -> INFO: 7.4. Guardando data limpia por día ...
09-05-2022 20:58:39 -> Casteo_de_Data -> INFO: 7.4. Guardado OK
09-05-2022 20:58:39 -> Casteo_de_Data -> INFO: ----------
09-05-2022 20:58:39 -> Casteo_de_Data -> INFO: 7.1. Leyendo la data obtenida en el pre procesado para la fecha: 2020-12-12 ...
09-05-2022 20:58:39 -> Casteo_de_Data -> INFO: 7.1. Data leída correctamente
09-05-2022 20:58:39 -> Casteo_de_Data -> INFO: 7.2. Uniendo data limpia ...
09-05-2022 20:58:39 -> Casteo_de_Data -> INFO: 7.2. Data limpia OK
09-05-2022 20:58:39 -> Casteo_de_Data -> INFO: 7.3. Casteando data limpia ...
09-05-2022 20:58:39 -> Casteo_de_Data -> INFO: 7.3. Casteo OK ...
09-05-2022 20:58:39 -> Casteo_de_Data -> INFO: 7.4. Guardando data limpia por día ...
09-05-2022 20:58:39 -> Casteo_de_Data -> INFO: 7.4. Guardado OK
09-05-2022 20:58:39 -> Casteo_de_Data -> INFO: ----------
09-05-2022 20:58:39 -> Casteo_de_Data -> INFO: 7.1. Leyendo la data obtenida en el pre procesado para la fecha: 2020-12-13 ...
09-05-2022 20:58:39 -> Casteo_de_Data -> INFO: 7.1. Data leída correctamente
09-05-2022 20:58:39 -> Casteo_de_Data -> INFO: 7.2. Uniendo data limpia ...
09-05-2022 20:58:39 -> Casteo_de_Data -> INFO: 7.2. Data limpia OK
09-05-2022 20:58:39 -> Casteo_de_Data -> INFO: 7.3. Casteando data limpia ...
09-05-2022 20:58:39 -> Casteo_de_Data -> INFO: 7.3. Casteo OK ...
09-05-2022 20:58:39 -> Casteo_de_Data -> INFO: 7.4. Guardando data limpia por día ...
09-05-2022 20:58:39 -> Casteo_de_Data -> INFO: 7.4. Guardado OK
09-05-2022 20:58:39 -> Casteo_de_Data -> INFO: ----------
09-05-2022 20:58:39 -> Casteo_de_Data -> INFO: 7.1. Leyendo la data obtenida en el pre procesado para la fecha: 2020-12-14 ...
09-05-2022 20:58:39 -> Casteo_de_Data -> INFO: 7.1. Data leída correctamente
09-05-2022 20:58:39 -> Casteo_de_Data -> INFO: 7.2. Uniendo data limpia ...
09-05-2022 20:58:39 -> Casteo_de_Data -> INFO: 7.2. Data limpia OK
09-05-2022 20:58:39 -> Casteo_de_Data -> INFO: 7.3. Casteando data limpia ...
09-05-2022 20:58:39 -> Casteo_de_Data -> INFO: 7.3. Casteo OK ...
09-05-2022 20:58:39 -> Casteo_de_Data -> INFO: 7.4. Guardando data limpia por día ...
09-05-2022 20:58:39 -> Casteo_de_Data -> INFO: 7.4. Guardado OK
09-05-2022 20:58:39 -> Casteo_de_Data -> INFO: ----------
09-05-2022 20:58:39 -> Casteo_de_Data -> INFO: 7.1. Leyendo la data obtenida en el pre procesado para la fecha: 2020-12-15 ...
09-05-2022 20:58:39 -> Casteo_de_Data -> INFO: 7.1. Data leída correctamente
09-05-2022 20:58:39 -> Casteo_de_Data -> INFO: 7.2. Uniendo data limpia ...
09-05-2022 20:58:39 -> Casteo_de_Data -> INFO: 7.2. Data limpia OK
09-05-2022 20:58:39 -> Casteo_de_Data -> INFO: 7.3. Casteando data limpia ...
09-05-2022 20:58:39 -> Casteo_de_Data -> INFO: 7.3. Casteo OK ...
09-05-2022 20:58:39 -> Casteo_de_Data -> INFO: 7.4. Guardando data limpia por día ...
09-05-2022 20:58:39 -> Casteo_de_Data -> INFO: 7.4. Guardado OK
09-05-2022 20:58:39 -> Casteo_de_Data -> INFO: ----------
09-05-2022 20:58:39 -> Casteo_de_Data -> INFO: 7.1. Leyendo la data obtenida en el pre procesado para la fecha: 2020-12-16 ...
09-05-2022 20:58:39 -> Casteo_de_Data -> INFO: 7.1. Data leída correctamente
09-05-2022 20:58:39 -> Casteo_de_Data -> INFO: 7.2. Uniendo data limpia ...
09-05-2022 20:58:39 -> Casteo_de_Data -> INFO: 7.2. Data limpia OK
09-05-2022 20:58:39 -> Casteo_de_Data -> INFO: 7.3. Casteando data limpia ...
09-05-2022 20:58:39 -> Casteo_de_Data -> INFO: 7.3. Casteo OK ...
09-05-2022 20:58:39 -> Casteo_de_Data -> INFO: 7.4. Guardando data limpia por día ...
09-05-2022 20:58:39 -> Casteo_de_Data -> INFO: 7.4. Guardado OK
09-05-2022 20:58:39 -> Casteo_de_Data -> INFO: ----------
09-05-2022 20:58:39 -> Casteo_de_Data -> INFO: 7.1. Leyendo la data obtenida en el pre procesado para la fecha: 2020-12-17 ...
09-05-2022 20:58:39 -> Casteo_de_Data -> INFO: 7.1. Data leída correctamente
09-05-2022 20:58:39 -> Casteo_de_Data -> INFO: 7.2. Uniendo data limpia ...
09-05-2022 20:58:39 -> Casteo_de_Data -> INFO: 7.2. Data limpia OK
09-05-2022 20:58:39 -> Casteo_de_Data -> INFO: 7.3. Casteando data limpia ...
09-05-2022 20:58:39 -> Casteo_de_Data -> INFO: 7.3. Casteo OK ...
09-05-2022 20:58:39 -> Casteo_de_Data -> INFO: 7.4. Guardando data limpia por día ...
09-05-2022 20:58:39 -> Casteo_de_Data -> INFO: 7.4. Guardado OK
09-05-2022 20:58:39 -> Casteo_de_Data -> INFO: ----------
09-05-2022 20:58:39 -> Casteo_de_Data -> INFO: 7.1. Leyendo la data obtenida en el pre procesado para la fecha: 2020-12-18 ...
09-05-2022 20:58:39 -> Casteo_de_Data -> INFO: 7.1. Data leída correctamente
09-05-2022 20:58:39 -> Casteo_de_Data -> INFO: 7.2. Uniendo data limpia ...
09-05-2022 20:58:39 -> Casteo_de_Data -> INFO: 7.2. Data limpia OK
09-05-2022 20:58:39 -> Casteo_de_Data -> INFO: 7.3. Casteando data limpia ...
09-05-2022 20:58:39 -> Casteo_de_Data -> INFO: 7.3. Casteo OK ...
09-05-2022 20:58:39 -> Casteo_de_Data -> INFO: 7.4. Guardando data limpia por día ...
09-05-2022 20:58:39 -> Casteo_de_Data -> INFO: 7.4. Guardado OK
09-05-2022 20:58:39 -> Casteo_de_Data -> INFO: ----------
09-05-2022 20:58:39 -> Casteo_de_Data -> INFO: 7.1. Leyendo la data obtenida en el pre procesado para la fecha: 2020-12-19 ...
09-05-2022 20:58:40 -> Casteo_de_Data -> INFO: 7.1. Data leída correctamente
09-05-2022 20:58:40 -> Casteo_de_Data -> INFO: 7.2. Uniendo data limpia ...
09-05-2022 20:58:40 -> Casteo_de_Data -> INFO: 7.2. Data limpia OK
09-05-2022 20:58:40 -> Casteo_de_Data -> INFO: 7.3. Casteando data limpia ...
09-05-2022 20:58:40 -> Casteo_de_Data -> INFO: 7.3. Casteo OK ...
09-05-2022 20:58:40 -> Casteo_de_Data -> INFO: 7.4. Guardando data limpia por día ...
09-05-2022 20:58:40 -> Casteo_de_Data -> INFO: 7.4. Guardado OK
09-05-2022 20:58:40 -> Casteo_de_Data -> INFO: ----------
09-05-2022 20:58:40 -> Casteo_de_Data -> INFO: 7.1. Leyendo la data obtenida en el pre procesado para la fecha: 2020-12-20 ...
09-05-2022 20:58:40 -> Casteo_de_Data -> INFO: 7.1. Data leída correctamente
09-05-2022 20:58:40 -> Casteo_de_Data -> INFO: 7.2. Uniendo data limpia ...
09-05-2022 20:58:40 -> Casteo_de_Data -> INFO: 7.2. Data limpia OK
09-05-2022 20:58:40 -> Casteo_de_Data -> INFO: 7.3. Casteando data limpia ...
09-05-2022 20:58:40 -> Casteo_de_Data -> INFO: 7.3. Casteo OK ...
09-05-2022 20:58:40 -> Casteo_de_Data -> INFO: 7.4. Guardando data limpia por día ...
09-05-2022 20:58:40 -> Casteo_de_Data -> INFO: 7.4. Guardado OK
09-05-2022 20:58:40 -> Casteo_de_Data -> INFO: ----------
09-05-2022 20:58:40 -> Casteo_de_Data -> INFO: 7.1. Leyendo la data obtenida en el pre procesado para la fecha: 2020-12-21 ...
09-05-2022 20:58:40 -> Casteo_de_Data -> INFO: 7.1. Data leída correctamente
09-05-2022 20:58:40 -> Casteo_de_Data -> INFO: 7.2. Uniendo data limpia ...
09-05-2022 20:58:40 -> Casteo_de_Data -> INFO: 7.2. Data limpia OK
09-05-2022 20:58:40 -> Casteo_de_Data -> INFO: 7.3. Casteando data limpia ...
09-05-2022 20:58:40 -> Casteo_de_Data -> INFO: 7.3. Casteo OK ...
09-05-2022 20:58:40 -> Casteo_de_Data -> INFO: 7.4. Guardando data limpia por día ...
09-05-2022 20:58:40 -> Casteo_de_Data -> INFO: 7.4. Guardado OK
09-05-2022 20:58:40 -> Casteo_de_Data -> INFO: ----------
09-05-2022 20:58:40 -> Casteo_de_Data -> INFO: 7.1. Leyendo la data obtenida en el pre procesado para la fecha: 2020-12-22 ...
09-05-2022 20:58:40 -> Casteo_de_Data -> INFO: 7.1. Data leída correctamente
09-05-2022 20:58:40 -> Casteo_de_Data -> INFO: 7.2. Uniendo data limpia ...
09-05-2022 20:58:40 -> Casteo_de_Data -> INFO: 7.2. Data limpia OK
09-05-2022 20:58:40 -> Casteo_de_Data -> INFO: 7.3. Casteando data limpia ...
09-05-2022 20:58:40 -> Casteo_de_Data -> INFO: 7.3. Casteo OK ...
09-05-2022 20:58:40 -> Casteo_de_Data -> INFO: 7.4. Guardando data limpia por día ...
09-05-2022 20:58:40 -> Casteo_de_Data -> INFO: 7.4. Guardado OK
09-05-2022 20:58:40 -> Casteo_de_Data -> INFO: ----------
09-05-2022 20:58:40 -> Casteo_de_Data -> INFO: 7.1. Leyendo la data obtenida en el pre procesado para la fecha: 2020-12-23 ...
09-05-2022 20:58:40 -> Casteo_de_Data -> INFO: 7.1. Data leída correctamente
09-05-2022 20:58:40 -> Casteo_de_Data -> INFO: 7.2. Uniendo data limpia ...
09-05-2022 20:58:40 -> Casteo_de_Data -> INFO: 7.2. Data limpia OK
09-05-2022 20:58:40 -> Casteo_de_Data -> INFO: 7.3. Casteando data limpia ...
09-05-2022 20:58:40 -> Casteo_de_Data -> INFO: 7.3. Casteo OK ...
09-05-2022 20:58:40 -> Casteo_de_Data -> INFO: 7.4. Guardando data limpia por día ...
09-05-2022 20:58:40 -> Casteo_de_Data -> INFO: 7.4. Guardado OK
09-05-2022 20:58:40 -> Casteo_de_Data -> INFO: ----------
09-05-2022 20:58:40 -> Casteo_de_Data -> INFO: 7.1. Leyendo la data obtenida en el pre procesado para la fecha: 2020-12-24 ...
09-05-2022 20:58:40 -> Casteo_de_Data -> INFO: 7.1. Data leída correctamente
09-05-2022 20:58:40 -> Casteo_de_Data -> INFO: 7.2. Uniendo data limpia ...
09-05-2022 20:58:40 -> Casteo_de_Data -> INFO: 7.2. Data limpia OK
09-05-2022 20:58:40 -> Casteo_de_Data -> INFO: 7.3. Casteando data limpia ...
09-05-2022 20:58:40 -> Casteo_de_Data -> INFO: 7.3. Casteo OK ...
09-05-2022 20:58:40 -> Casteo_de_Data -> INFO: 7.4. Guardando data limpia por día ...
09-05-2022 20:58:40 -> Casteo_de_Data -> INFO: 7.4. Guardado OK
09-05-2022 20:58:40 -> Casteo_de_Data -> INFO: ----------
09-05-2022 20:58:40 -> Casteo_de_Data -> INFO: 7.1. Leyendo la data obtenida en el pre procesado para la fecha: 2020-12-25 ...
09-05-2022 20:58:40 -> Casteo_de_Data -> INFO: 7.1. Data leída correctamente
09-05-2022 20:58:40 -> Casteo_de_Data -> INFO: 7.2. Uniendo data limpia ...
09-05-2022 20:58:40 -> Casteo_de_Data -> INFO: 7.2. Data limpia OK
09-05-2022 20:58:40 -> Casteo_de_Data -> INFO: 7.3. Casteando data limpia ...
09-05-2022 20:58:40 -> Casteo_de_Data -> INFO: 7.3. Casteo OK ...
09-05-2022 20:58:40 -> Casteo_de_Data -> INFO: 7.4. Guardando data limpia por día ...
09-05-2022 20:58:40 -> Casteo_de_Data -> INFO: 7.4. Guardado OK
09-05-2022 20:58:40 -> Casteo_de_Data -> INFO: ----------
09-05-2022 20:58:40 -> Casteo_de_Data -> INFO: 7.1. Leyendo la data obtenida en el pre procesado para la fecha: 2020-12-26 ...
09-05-2022 20:58:40 -> Casteo_de_Data -> INFO: 7.1. Data leída correctamente
09-05-2022 20:58:40 -> Casteo_de_Data -> INFO: 7.2. Uniendo data limpia ...
09-05-2022 20:58:40 -> Casteo_de_Data -> INFO: 7.2. Data limpia OK
09-05-2022 20:58:40 -> Casteo_de_Data -> INFO: 7.3. Casteando data limpia ...
09-05-2022 20:58:40 -> Casteo_de_Data -> INFO: 7.3. Casteo OK ...
09-05-2022 20:58:40 -> Casteo_de_Data -> INFO: 7.4. Guardando data limpia por día ...
09-05-2022 20:58:40 -> Casteo_de_Data -> INFO: 7.4. Guardado OK
09-05-2022 20:58:40 -> Casteo_de_Data -> INFO: ----------
09-05-2022 20:58:40 -> Casteo_de_Data -> INFO: 7.1. Leyendo la data obtenida en el pre procesado para la fecha: 2020-12-27 ...
09-05-2022 20:58:40 -> Casteo_de_Data -> INFO: 7.1. Data leída correctamente
09-05-2022 20:58:40 -> Casteo_de_Data -> INFO: 7.2. Uniendo data limpia ...
09-05-2022 20:58:40 -> Casteo_de_Data -> INFO: 7.2. Data limpia OK
09-05-2022 20:58:40 -> Casteo_de_Data -> INFO: 7.3. Casteando data limpia ...
09-05-2022 20:58:40 -> Casteo_de_Data -> INFO: 7.3. Casteo OK ...
09-05-2022 20:58:40 -> Casteo_de_Data -> INFO: 7.4. Guardando data limpia por día ...
09-05-2022 20:58:40 -> Casteo_de_Data -> INFO: 7.4. Guardado OK
09-05-2022 20:58:40 -> Casteo_de_Data -> INFO: ----------
09-05-2022 20:58:40 -> Casteo_de_Data -> INFO: 7.1. Leyendo la data obtenida en el pre procesado para la fecha: 2020-12-28 ...
09-05-2022 20:58:40 -> Casteo_de_Data -> INFO: 7.1. Data leída correctamente
09-05-2022 20:58:40 -> Casteo_de_Data -> INFO: 7.2. Uniendo data limpia ...
09-05-2022 20:58:40 -> Casteo_de_Data -> INFO: 7.2. Data limpia OK
09-05-2022 20:58:40 -> Casteo_de_Data -> INFO: 7.3. Casteando data limpia ...
09-05-2022 20:58:40 -> Casteo_de_Data -> INFO: 7.3. Casteo OK ...
09-05-2022 20:58:40 -> Casteo_de_Data -> INFO: 7.4. Guardando data limpia por día ...
09-05-2022 20:58:40 -> Casteo_de_Data -> INFO: 7.4. Guardado OK
09-05-2022 20:58:40 -> Casteo_de_Data -> INFO: ----------
09-05-2022 20:58:40 -> Casteo_de_Data -> INFO: 7.1. Leyendo la data obtenida en el pre procesado para la fecha: 2020-12-29 ...
09-05-2022 20:58:40 -> Casteo_de_Data -> INFO: 7.1. Data leída correctamente
09-05-2022 20:58:40 -> Casteo_de_Data -> INFO: 7.2. Uniendo data limpia ...
09-05-2022 20:58:40 -> Casteo_de_Data -> INFO: 7.2. Data limpia OK
09-05-2022 20:58:40 -> Casteo_de_Data -> INFO: 7.3. Casteando data limpia ...
09-05-2022 20:58:40 -> Casteo_de_Data -> INFO: 7.3. Casteo OK ...
09-05-2022 20:58:40 -> Casteo_de_Data -> INFO: 7.4. Guardando data limpia por día ...
09-05-2022 20:58:40 -> Casteo_de_Data -> INFO: 7.4. Guardado OK
09-05-2022 20:58:40 -> Casteo_de_Data -> INFO: ----------
09-05-2022 20:58:40 -> Casteo_de_Data -> INFO: 7.1. Leyendo la data obtenida en el pre procesado para la fecha: 2020-12-30 ...
09-05-2022 20:58:40 -> Casteo_de_Data -> INFO: 7.1. Data leída correctamente
09-05-2022 20:58:40 -> Casteo_de_Data -> INFO: 7.2. Uniendo data limpia ...
09-05-2022 20:58:40 -> Casteo_de_Data -> INFO: 7.2. Data limpia OK
09-05-2022 20:58:40 -> Casteo_de_Data -> INFO: 7.3. Casteando data limpia ...
09-05-2022 20:58:40 -> Casteo_de_Data -> INFO: 7.3. Casteo OK ...
09-05-2022 20:58:40 -> Casteo_de_Data -> INFO: 7.4. Guardando data limpia por día ...
09-05-2022 20:58:40 -> Casteo_de_Data -> INFO: 7.4. Guardado OK
09-05-2022 20:58:40 -> Casteo_de_Data -> INFO: ----------
09-05-2022 20:58:40 -> Casteo_de_Data -> INFO: 7.1. Leyendo la data obtenida en el pre procesado para la fecha: 2020-12-31 ...
09-05-2022 20:58:40 -> Casteo_de_Data -> INFO: 7.1. Data leída correctamente
09-05-2022 20:58:40 -> Casteo_de_Data -> INFO: 7.2. Uniendo data limpia ...
09-05-2022 20:58:40 -> Casteo_de_Data -> INFO: 7.2. Data limpia OK
09-05-2022 20:58:40 -> Casteo_de_Data -> INFO: 7.3. Casteando data limpia ...
09-05-2022 20:58:40 -> Casteo_de_Data -> INFO: 7.3. Casteo OK ...
09-05-2022 20:58:40 -> Casteo_de_Data -> INFO: 7.4. Guardando data limpia por día ...
09-05-2022 20:58:40 -> Casteo_de_Data -> INFO: 7.4. Guardado OK
09-05-2022 20:58:40 -> Casteo_de_Data -> INFO: 7.5. Guardando data limpia de todo el mes ...
09-05-2022 20:58:41 -> Casteo_de_Data -> INFO: 7.5. Guardado OK
09-05-2022 20:58:41 -> Casteo_de_Data -> INFO: 7. Etapa concluida correctamente
09-05-2022 20:58:41 -> Casteo_de_Data -> INFO: Duración de la etapa: 00:00:02.26
