09-05-2022 20:55:38 -> Obteniendo_Data -> INFO: Prueba técnica Lulo Bank
09-05-2022 20:55:38 -> Obteniendo_Data -> INFO: Ejecutando etapa get_info
09-05-2022 20:55:38 -> Obteniendo_Data -> INFO: 1. Iniciando el llamado a la API ...
09-05-2022 20:55:38 -> Obteniendo_Data -> INFO: ----------
09-05-2022 20:55:38 -> Obteniendo_Data -> INFO: 1.1. Obteniendo información de la API de la fecha: 2020-12-01 ...
09-05-2022 20:55:39 -> Obteniendo_Data -> INFO: 1.1. Información guardada correctamente
09-05-2022 20:55:39 -> Obteniendo_Data -> INFO: ----------
09-05-2022 20:55:39 -> Obteniendo_Data -> INFO: 1.1. Obteniendo información de la API de la fecha: 2020-12-02 ...
09-05-2022 20:55:39 -> Obteniendo_Data -> INFO: 1.1. Información guardada correctamente
09-05-2022 20:55:39 -> Obteniendo_Data -> INFO: ----------
09-05-2022 20:55:39 -> Obteniendo_Data -> INFO: 1.1. Obteniendo información de la API de la fecha: 2020-12-03 ...
09-05-2022 20:55:40 -> Obteniendo_Data -> INFO: 1.1. Información guardada correctamente
09-05-2022 20:55:40 -> Obteniendo_Data -> INFO: ----------
09-05-2022 20:55:40 -> Obteniendo_Data -> INFO: 1.1. Obteniendo información de la API de la fecha: 2020-12-04 ...
09-05-2022 20:55:41 -> Obteniendo_Data -> INFO: 1.1. Información guardada correctamente
09-05-2022 20:55:41 -> Obteniendo_Data -> INFO: ----------
09-05-2022 20:55:41 -> Obteniendo_Data -> INFO: 1.1. Obteniendo información de la API de la fecha: 2020-12-05 ...
09-05-2022 20:55:41 -> Obteniendo_Data -> INFO: 1.1. Información guardada correctamente
09-05-2022 20:55:41 -> Obteniendo_Data -> INFO: ----------
09-05-2022 20:55:41 -> Obteniendo_Data -> INFO: 1.1. Obteniendo información de la API de la fecha: 2020-12-06 ...
09-05-2022 20:55:42 -> Obteniendo_Data -> INFO: 1.1. Información guardada correctamente
09-05-2022 20:55:42 -> Obteniendo_Data -> INFO: ----------
09-05-2022 20:55:42 -> Obteniendo_Data -> INFO: 1.1. Obteniendo información de la API de la fecha: 2020-12-07 ...
09-05-2022 20:55:42 -> Obteniendo_Data -> INFO: 1.1. Información guardada correctamente
09-05-2022 20:55:42 -> Obteniendo_Data -> INFO: ----------
09-05-2022 20:55:42 -> Obteniendo_Data -> INFO: 1.1. Obteniendo información de la API de la fecha: 2020-12-08 ...
09-05-2022 20:55:43 -> Obteniendo_Data -> INFO: 1.1. Información guardada correctamente
09-05-2022 20:55:43 -> Obteniendo_Data -> INFO: ----------
09-05-2022 20:55:43 -> Obteniendo_Data -> INFO: 1.1. Obteniendo información de la API de la fecha: 2020-12-09 ...
09-05-2022 20:55:43 -> Obteniendo_Data -> INFO: 1.1. Información guardada correctamente
09-05-2022 20:55:43 -> Obteniendo_Data -> INFO: ----------
09-05-2022 20:55:43 -> Obteniendo_Data -> INFO: 1.1. Obteniendo información de la API de la fecha: 2020-12-10 ...
09-05-2022 20:55:44 -> Obteniendo_Data -> INFO: 1.1. Información guardada correctamente
09-05-2022 20:55:44 -> Obteniendo_Data -> INFO: ----------
09-05-2022 20:55:44 -> Obteniendo_Data -> INFO: 1.1. Obteniendo información de la API de la fecha: 2020-12-11 ...
09-05-2022 20:55:45 -> Obteniendo_Data -> INFO: 1.1. Información guardada correctamente
09-05-2022 20:55:45 -> Obteniendo_Data -> INFO: ----------
09-05-2022 20:55:45 -> Obteniendo_Data -> INFO: 1.1. Obteniendo información de la API de la fecha: 2020-12-12 ...
09-05-2022 20:55:45 -> Obteniendo_Data -> INFO: 1.1. Información guardada correctamente
09-05-2022 20:55:45 -> Obteniendo_Data -> INFO: ----------
09-05-2022 20:55:45 -> Obteniendo_Data -> INFO: 1.1. Obteniendo información de la API de la fecha: 2020-12-13 ...
09-05-2022 20:55:46 -> Obteniendo_Data -> INFO: 1.1. Información guardada correctamente
09-05-2022 20:55:46 -> Obteniendo_Data -> INFO: ----------
09-05-2022 20:55:46 -> Obteniendo_Data -> INFO: 1.1. Obteniendo información de la API de la fecha: 2020-12-14 ...
09-05-2022 20:55:47 -> Obteniendo_Data -> INFO: 1.1. Información guardada correctamente
09-05-2022 20:55:47 -> Obteniendo_Data -> INFO: ----------
09-05-2022 20:55:47 -> Obteniendo_Data -> INFO: 1.1. Obteniendo información de la API de la fecha: 2020-12-15 ...
09-05-2022 20:55:47 -> Obteniendo_Data -> INFO: 1.1. Información guardada correctamente
09-05-2022 20:55:47 -> Obteniendo_Data -> INFO: ----------
09-05-2022 20:55:47 -> Obteniendo_Data -> INFO: 1.1. Obteniendo información de la API de la fecha: 2020-12-16 ...
09-05-2022 20:55:48 -> Obteniendo_Data -> INFO: 1.1. Información guardada correctamente
09-05-2022 20:55:48 -> Obteniendo_Data -> INFO: ----------
09-05-2022 20:55:48 -> Obteniendo_Data -> INFO: 1.1. Obteniendo información de la API de la fecha: 2020-12-17 ...
09-05-2022 20:55:49 -> Obteniendo_Data -> INFO: 1.1. Información guardada correctamente
09-05-2022 20:55:49 -> Obteniendo_Data -> INFO: ----------
09-05-2022 20:55:49 -> Obteniendo_Data -> INFO: 1.1. Obteniendo información de la API de la fecha: 2020-12-18 ...
09-05-2022 20:55:49 -> Obteniendo_Data -> INFO: 1.1. Información guardada correctamente
09-05-2022 20:55:49 -> Obteniendo_Data -> INFO: ----------
09-05-2022 20:55:49 -> Obteniendo_Data -> INFO: 1.1. Obteniendo información de la API de la fecha: 2020-12-19 ...
09-05-2022 20:55:50 -> Obteniendo_Data -> INFO: 1.1. Información guardada correctamente
09-05-2022 20:55:50 -> Obteniendo_Data -> INFO: ----------
09-05-2022 20:55:50 -> Obteniendo_Data -> INFO: 1.1. Obteniendo información de la API de la fecha: 2020-12-20 ...
09-05-2022 20:55:51 -> Obteniendo_Data -> INFO: 1.1. Información guardada correctamente
09-05-2022 20:55:51 -> Obteniendo_Data -> INFO: ----------
09-05-2022 20:55:51 -> Obteniendo_Data -> INFO: 1.1. Obteniendo información de la API de la fecha: 2020-12-21 ...
09-05-2022 20:55:51 -> Obteniendo_Data -> INFO: 1.1. Información guardada correctamente
09-05-2022 20:55:51 -> Obteniendo_Data -> INFO: ----------
09-05-2022 20:55:51 -> Obteniendo_Data -> INFO: 1.1. Obteniendo información de la API de la fecha: 2020-12-22 ...
09-05-2022 20:55:52 -> Obteniendo_Data -> INFO: 1.1. Información guardada correctamente
09-05-2022 20:55:52 -> Obteniendo_Data -> INFO: ----------
09-05-2022 20:55:52 -> Obteniendo_Data -> INFO: 1.1. Obteniendo información de la API de la fecha: 2020-12-23 ...
09-05-2022 20:55:52 -> Obteniendo_Data -> INFO: 1.1. Información guardada correctamente
09-05-2022 20:55:52 -> Obteniendo_Data -> INFO: ----------
09-05-2022 20:55:52 -> Obteniendo_Data -> INFO: 1.1. Obteniendo información de la API de la fecha: 2020-12-24 ...
09-05-2022 20:55:53 -> Obteniendo_Data -> INFO: 1.1. Información guardada correctamente
09-05-2022 20:55:53 -> Obteniendo_Data -> INFO: ----------
09-05-2022 20:55:53 -> Obteniendo_Data -> INFO: 1.1. Obteniendo información de la API de la fecha: 2020-12-25 ...
09-05-2022 20:55:53 -> Obteniendo_Data -> INFO: 1.1. Información guardada correctamente
09-05-2022 20:55:53 -> Obteniendo_Data -> INFO: ----------
09-05-2022 20:55:53 -> Obteniendo_Data -> INFO: 1.1. Obteniendo información de la API de la fecha: 2020-12-26 ...
09-05-2022 20:55:54 -> Obteniendo_Data -> INFO: 1.1. Información guardada correctamente
09-05-2022 20:55:54 -> Obteniendo_Data -> INFO: ----------
09-05-2022 20:55:54 -> Obteniendo_Data -> INFO: 1.1. Obteniendo información de la API de la fecha: 2020-12-27 ...
09-05-2022 20:55:55 -> Obteniendo_Data -> INFO: 1.1. Información guardada correctamente
09-05-2022 20:55:55 -> Obteniendo_Data -> INFO: ----------
09-05-2022 20:55:55 -> Obteniendo_Data -> INFO: 1.1. Obteniendo información de la API de la fecha: 2020-12-28 ...
09-05-2022 20:55:55 -> Obteniendo_Data -> INFO: 1.1. Información guardada correctamente
09-05-2022 20:55:55 -> Obteniendo_Data -> INFO: ----------
09-05-2022 20:55:55 -> Obteniendo_Data -> INFO: 1.1. Obteniendo información de la API de la fecha: 2020-12-29 ...
09-05-2022 20:55:56 -> Obteniendo_Data -> INFO: 1.1. Información guardada correctamente
09-05-2022 20:55:56 -> Obteniendo_Data -> INFO: ----------
09-05-2022 20:55:56 -> Obteniendo_Data -> INFO: 1.1. Obteniendo información de la API de la fecha: 2020-12-30 ...
09-05-2022 20:55:56 -> Obteniendo_Data -> INFO: 1.1. Información guardada correctamente
09-05-2022 20:55:56 -> Obteniendo_Data -> INFO: ----------
09-05-2022 20:55:56 -> Obteniendo_Data -> INFO: 1.1. Obteniendo información de la API de la fecha: 2020-12-31 ...
09-05-2022 20:55:57 -> Obteniendo_Data -> INFO: 1.1. Información guardada correctamente
09-05-2022 20:55:57 -> Obteniendo_Data -> INFO: 1. Etapa concluida correctamente
09-05-2022 20:55:57 -> Obteniendo_Data -> INFO: Duración de la etapa: 00:00:18.48
