09-05-2022 20:58:31 -> Pre_Procesado_5 -> INFO: Prueba técnica Lulo Bank
09-05-2022 20:58:31 -> Pre_Procesado_5 -> INFO: Ejecutando etapa pre_process_5
09-05-2022 20:58:31 -> Pre_Procesado_5 -> INFO: 6. Iniciando etapa de pre procesado 5 ...
09-05-2022 20:58:31 -> Pre_Procesado_5 -> INFO: ----------
09-05-2022 20:58:31 -> Pre_Procesado_5 -> INFO: 6.1. Leyendo la data pre procesada 4 para la fecha: 2020-12-10 ...
09-05-2022 20:58:31 -> Pre_Procesado_5 -> INFO: 6.1. Data raw leída correctamente
09-05-2022 20:58:31 -> Pre_Procesado_5 -> INFO: 6.2. Iniciando pre procesado 5 ...
09-05-2022 20:58:31 -> Pre_Procesado_5 -> INFO: 6.3. Identificando columnas con JSON embebidos y separandolas de las columnas correctas ...
09-05-2022 20:58:31 -> Pre_Procesado_5 -> INFO: 6.3. Identificación y separación OK
09-05-2022 20:58:31 -> Pre_Procesado_5 -> INFO: 6.4. Renombrando columnas correctas ...
09-05-2022 20:58:31 -> Pre_Procesado_5 -> INFO: 6.4. Renombrado OK
09-05-2022 20:58:31 -> Pre_Procesado_5 -> INFO: 6.5. Renombrando columnas incorrectas ...
09-05-2022 20:58:31 -> Pre_Procesado_5 -> INFO: 6.5. Renombrado OK
09-05-2022 20:58:31 -> Pre_Procesado_5 -> INFO: 6.2. Pre procesado 5 terminado correctamente
09-05-2022 20:58:31 -> Pre_Procesado_5 -> INFO: ----------
09-05-2022 20:58:31 -> Pre_Procesado_5 -> INFO: 6.1. Leyendo la data pre procesada 4 para la fecha: 2020-12-13 ...
09-05-2022 20:58:31 -> Pre_Procesado_5 -> INFO: 6.1. Data raw leída correctamente
09-05-2022 20:58:31 -> Pre_Procesado_5 -> INFO: 6.2. Iniciando pre procesado 5 ...
09-05-2022 20:58:31 -> Pre_Procesado_5 -> INFO: 6.3. Identificando columnas con JSON embebidos y separandolas de las columnas correctas ...
09-05-2022 20:58:31 -> Pre_Procesado_5 -> INFO: 6.3. Identificación y separación OK
09-05-2022 20:58:31 -> Pre_Procesado_5 -> INFO: 6.4. Renombrando columnas correctas ...
09-05-2022 20:58:31 -> Pre_Procesado_5 -> INFO: 6.4. Renombrado OK
09-05-2022 20:58:31 -> Pre_Procesado_5 -> INFO: 6.5. Renombrando columnas incorrectas ...
09-05-2022 20:58:31 -> Pre_Procesado_5 -> INFO: 6.5. Renombrado OK
09-05-2022 20:58:31 -> Pre_Procesado_5 -> INFO: 6.2. Pre procesado 5 terminado correctamente
09-05-2022 20:58:31 -> Pre_Procesado_5 -> INFO: ----------
09-05-2022 20:58:31 -> Pre_Procesado_5 -> INFO: 6.1. Leyendo la data pre procesada 4 para la fecha: 2020-12-27 ...
09-05-2022 20:58:31 -> Pre_Procesado_5 -> INFO: 6.1. Data raw leída correctamente
09-05-2022 20:58:31 -> Pre_Procesado_5 -> INFO: 6.2. Iniciando pre procesado 5 ...
09-05-2022 20:58:31 -> Pre_Procesado_5 -> INFO: 6.3. Identificando columnas con JSON embebidos y separandolas de las columnas correctas ...
09-05-2022 20:58:31 -> Pre_Procesado_5 -> INFO: 6.3. Identificación y separación OK
09-05-2022 20:58:31 -> Pre_Procesado_5 -> INFO: 6.4. Renombrando columnas correctas ...
09-05-2022 20:58:31 -> Pre_Procesado_5 -> INFO: 6.4. Renombrado OK
09-05-2022 20:58:31 -> Pre_Procesado_5 -> INFO: 6.5. Renombrando columnas incorrectas ...
09-05-2022 20:58:31 -> Pre_Procesado_5 -> INFO: 6.5. Renombrado OK
09-05-2022 20:58:31 -> Pre_Procesado_5 -> INFO: 6.2. Pre procesado 5 terminado correctamente
09-05-2022 20:58:31 -> Pre_Procesado_5 -> INFO: ----------
09-05-2022 20:58:31 -> Pre_Procesado_5 -> INFO: 6.1. Leyendo la data pre procesada 4 para la fecha: 2020-12-01 ...
09-05-2022 20:58:31 -> Pre_Procesado_5 -> INFO: 6.1. Data raw leída correctamente
09-05-2022 20:58:31 -> Pre_Procesado_5 -> INFO: 6.2. Iniciando pre procesado 5 ...
09-05-2022 20:58:31 -> Pre_Procesado_5 -> INFO: 6.3. Identificando columnas con JSON embebidos y separandolas de las columnas correctas ...
09-05-2022 20:58:31 -> Pre_Procesado_5 -> INFO: 6.3. Identificación y separación OK
09-05-2022 20:58:31 -> Pre_Procesado_5 -> INFO: 6.4. Renombrando columnas correctas ...
09-05-2022 20:58:31 -> Pre_Procesado_5 -> INFO: 6.4. Renombrado OK
09-05-2022 20:58:31 -> Pre_Procesado_5 -> INFO: 6.5. Renombrando columnas incorrectas ...
09-05-2022 20:58:31 -> Pre_Procesado_5 -> INFO: 6.5. Renombrado OK
09-05-2022 20:58:31 -> Pre_Procesado_5 -> INFO: 6.2. Pre procesado 5 terminado correctamente
09-05-2022 20:58:31 -> Pre_Procesado_5 -> INFO: ----------
09-05-2022 20:58:31 -> Pre_Procesado_5 -> INFO: 6.1. Leyendo la data pre procesada 4 para la fecha: 2020-12-03 ...
09-05-2022 20:58:31 -> Pre_Procesado_5 -> INFO: 6.1. Data raw leída correctamente
09-05-2022 20:58:31 -> Pre_Procesado_5 -> INFO: 6.2. Iniciando pre procesado 5 ...
09-05-2022 20:58:31 -> Pre_Procesado_5 -> INFO: 6.3. Identificando columnas con JSON embebidos y separandolas de las columnas correctas ...
09-05-2022 20:58:31 -> Pre_Procesado_5 -> INFO: 6.3. Identificación y separación OK
09-05-2022 20:58:31 -> Pre_Procesado_5 -> INFO: 6.4. Renombrando columnas correctas ...
09-05-2022 20:58:31 -> Pre_Procesado_5 -> INFO: 6.4. Renombrado OK
09-05-2022 20:58:31 -> Pre_Procesado_5 -> INFO: 6.5. Renombrando columnas incorrectas ...
09-05-2022 20:58:31 -> Pre_Procesado_5 -> INFO: 6.5. Renombrado OK
09-05-2022 20:58:31 -> Pre_Procesado_5 -> INFO: 6.2. Pre procesado 5 terminado correctamente
09-05-2022 20:58:31 -> Pre_Procesado_5 -> INFO: ----------
09-05-2022 20:58:31 -> Pre_Procesado_5 -> INFO: 6.1. Leyendo la data pre procesada 4 para la fecha: 2020-12-05 ...
09-05-2022 20:58:31 -> Pre_Procesado_5 -> INFO: 6.1. Data raw leída correctamente
09-05-2022 20:58:31 -> Pre_Procesado_5 -> INFO: 6.2. Iniciando pre procesado 5 ...
09-05-2022 20:58:31 -> Pre_Procesado_5 -> INFO: 6.3. Identificando columnas con JSON embebidos y separandolas de las columnas correctas ...
09-05-2022 20:58:31 -> Pre_Procesado_5 -> INFO: 6.3. Identificación y separación OK
09-05-2022 20:58:31 -> Pre_Procesado_5 -> INFO: 6.4. Renombrando columnas correctas ...
09-05-2022 20:58:31 -> Pre_Procesado_5 -> INFO: 6.4. Renombrado OK
09-05-2022 20:58:31 -> Pre_Procesado_5 -> INFO: 6.5. Renombrando columnas incorrectas ...
09-05-2022 20:58:31 -> Pre_Procesado_5 -> INFO: 6.5. Renombrado OK
09-05-2022 20:58:31 -> Pre_Procesado_5 -> INFO: 6.2. Pre procesado 5 terminado correctamente
09-05-2022 20:58:31 -> Pre_Procesado_5 -> INFO: ----------
09-05-2022 20:58:31 -> Pre_Procesado_5 -> INFO: 6.1. Leyendo la data pre procesada 4 para la fecha: 2020-12-06 ...
09-05-2022 20:58:31 -> Pre_Procesado_5 -> INFO: 6.1. Data raw leída correctamente
09-05-2022 20:58:31 -> Pre_Procesado_5 -> INFO: 6.2. Iniciando pre procesado 5 ...
09-05-2022 20:58:31 -> Pre_Procesado_5 -> INFO: 6.3. Identificando columnas con JSON embebidos y separandolas de las columnas correctas ...
09-05-2022 20:58:31 -> Pre_Procesado_5 -> INFO: 6.3. Identificación y separación OK
09-05-2022 20:58:31 -> Pre_Procesado_5 -> INFO: 6.4. Renombrando columnas correctas ...
09-05-2022 20:58:31 -> Pre_Procesado_5 -> INFO: 6.4. Renombrado OK
09-05-2022 20:58:31 -> Pre_Procesado_5 -> INFO: 6.5. Renombrando columnas incorrectas ...
09-05-2022 20:58:31 -> Pre_Procesado_5 -> INFO: 6.5. Renombrado OK
09-05-2022 20:58:31 -> Pre_Procesado_5 -> INFO: 6.2. Pre procesado 5 terminado correctamente
09-05-2022 20:58:31 -> Pre_Procesado_5 -> INFO: ----------
09-05-2022 20:58:31 -> Pre_Procesado_5 -> INFO: 6.1. Leyendo la data pre procesada 4 para la fecha: 2020-12-07 ...
09-05-2022 20:58:31 -> Pre_Procesado_5 -> INFO: 6.1. Data raw leída correctamente
09-05-2022 20:58:31 -> Pre_Procesado_5 -> INFO: 6.2. Iniciando pre procesado 5 ...
09-05-2022 20:58:31 -> Pre_Procesado_5 -> INFO: 6.3. Identificando columnas con JSON embebidos y separandolas de las columnas correctas ...
09-05-2022 20:58:31 -> Pre_Procesado_5 -> INFO: 6.3. Identificación y separación OK
09-05-2022 20:58:31 -> Pre_Procesado_5 -> INFO: 6.4. Renombrando columnas correctas ...
09-05-2022 20:58:31 -> Pre_Procesado_5 -> INFO: 6.4. Renombrado OK
09-05-2022 20:58:31 -> Pre_Procesado_5 -> INFO: 6.5. Renombrando columnas incorrectas ...
09-05-2022 20:58:31 -> Pre_Procesado_5 -> INFO: 6.5. Renombrado OK
09-05-2022 20:58:31 -> Pre_Procesado_5 -> INFO: 6.2. Pre procesado 5 terminado correctamente
09-05-2022 20:58:31 -> Pre_Procesado_5 -> INFO: ----------
09-05-2022 20:58:31 -> Pre_Procesado_5 -> INFO: 6.1. Leyendo la data pre procesada 4 para la fecha: 2020-12-08 ...
09-05-2022 20:58:31 -> Pre_Procesado_5 -> INFO: 6.1. Data raw leída correctamente
09-05-2022 20:58:31 -> Pre_Procesado_5 -> INFO: 6.2. Iniciando pre procesado 5 ...
09-05-2022 20:58:31 -> Pre_Procesado_5 -> INFO: 6.3. Identificando columnas con JSON embebidos y separandolas de las columnas correctas ...
09-05-2022 20:58:31 -> Pre_Procesado_5 -> INFO: 6.3. Identificación y separación OK
09-05-2022 20:58:31 -> Pre_Procesado_5 -> INFO: 6.4. Renombrando columnas correctas ...
09-05-2022 20:58:31 -> Pre_Procesado_5 -> INFO: 6.4. Renombrado OK
09-05-2022 20:58:31 -> Pre_Procesado_5 -> INFO: 6.5. Renombrando columnas incorrectas ...
09-05-2022 20:58:31 -> Pre_Procesado_5 -> INFO: 6.5. Renombrado OK
09-05-2022 20:58:31 -> Pre_Procesado_5 -> INFO: 6.2. Pre procesado 5 terminado correctamente
09-05-2022 20:58:31 -> Pre_Procesado_5 -> INFO: ----------
09-05-2022 20:58:31 -> Pre_Procesado_5 -> INFO: 6.1. Leyendo la data pre procesada 4 para la fecha: 2020-12-11 ...
09-05-2022 20:58:31 -> Pre_Procesado_5 -> INFO: 6.1. Data raw leída correctamente
09-05-2022 20:58:31 -> Pre_Procesado_5 -> INFO: 6.2. Iniciando pre procesado 5 ...
09-05-2022 20:58:31 -> Pre_Procesado_5 -> INFO: 6.3. Identificando columnas con JSON embebidos y separandolas de las columnas correctas ...
09-05-2022 20:58:31 -> Pre_Procesado_5 -> INFO: 6.3. Identificación y separación OK
09-05-2022 20:58:31 -> Pre_Procesado_5 -> INFO: 6.4. Renombrando columnas correctas ...
09-05-2022 20:58:31 -> Pre_Procesado_5 -> INFO: 6.4. Renombrado OK
09-05-2022 20:58:31 -> Pre_Procesado_5 -> INFO: 6.5. Renombrando columnas incorrectas ...
09-05-2022 20:58:31 -> Pre_Procesado_5 -> INFO: 6.5. Renombrado OK
09-05-2022 20:58:31 -> Pre_Procesado_5 -> INFO: 6.2. Pre procesado 5 terminado correctamente
09-05-2022 20:58:31 -> Pre_Procesado_5 -> INFO: ----------
09-05-2022 20:58:31 -> Pre_Procesado_5 -> INFO: 6.1. Leyendo la data pre procesada 4 para la fecha: 2020-12-12 ...
09-05-2022 20:58:31 -> Pre_Procesado_5 -> INFO: 6.1. Data raw leída correctamente
09-05-2022 20:58:31 -> Pre_Procesado_5 -> INFO: 6.2. Iniciando pre procesado 5 ...
09-05-2022 20:58:31 -> Pre_Procesado_5 -> INFO: 6.3. Identificando columnas con JSON embebidos y separandolas de las columnas correctas ...
09-05-2022 20:58:31 -> Pre_Procesado_5 -> INFO: 6.3. Identificación y separación OK
09-05-2022 20:58:31 -> Pre_Procesado_5 -> INFO: 6.4. Renombrando columnas correctas ...
09-05-2022 20:58:31 -> Pre_Procesado_5 -> INFO: 6.4. Renombrado OK
09-05-2022 20:58:31 -> Pre_Procesado_5 -> INFO: 6.5. Renombrando columnas incorrectas ...
09-05-2022 20:58:31 -> Pre_Procesado_5 -> INFO: 6.5. Renombrado OK
09-05-2022 20:58:31 -> Pre_Procesado_5 -> INFO: 6.2. Pre procesado 5 terminado correctamente
09-05-2022 20:58:31 -> Pre_Procesado_5 -> INFO: ----------
09-05-2022 20:58:31 -> Pre_Procesado_5 -> INFO: 6.1. Leyendo la data pre procesada 4 para la fecha: 2020-12-14 ...
09-05-2022 20:58:31 -> Pre_Procesado_5 -> INFO: 6.1. Data raw leída correctamente
09-05-2022 20:58:31 -> Pre_Procesado_5 -> INFO: 6.2. Iniciando pre procesado 5 ...
09-05-2022 20:58:31 -> Pre_Procesado_5 -> INFO: 6.3. Identificando columnas con JSON embebidos y separandolas de las columnas correctas ...
09-05-2022 20:58:31 -> Pre_Procesado_5 -> INFO: 6.3. Identificación y separación OK
09-05-2022 20:58:31 -> Pre_Procesado_5 -> INFO: 6.4. Renombrando columnas correctas ...
09-05-2022 20:58:31 -> Pre_Procesado_5 -> INFO: 6.4. Renombrado OK
09-05-2022 20:58:31 -> Pre_Procesado_5 -> INFO: 6.5. Renombrando columnas incorrectas ...
09-05-2022 20:58:31 -> Pre_Procesado_5 -> INFO: 6.5. Renombrado OK
09-05-2022 20:58:31 -> Pre_Procesado_5 -> INFO: 6.2. Pre procesado 5 terminado correctamente
09-05-2022 20:58:31 -> Pre_Procesado_5 -> INFO: ----------
09-05-2022 20:58:31 -> Pre_Procesado_5 -> INFO: 6.1. Leyendo la data pre procesada 4 para la fecha: 2020-12-15 ...
09-05-2022 20:58:31 -> Pre_Procesado_5 -> INFO: 6.1. Data raw leída correctamente
09-05-2022 20:58:31 -> Pre_Procesado_5 -> INFO: 6.2. Iniciando pre procesado 5 ...
09-05-2022 20:58:31 -> Pre_Procesado_5 -> INFO: 6.3. Identificando columnas con JSON embebidos y separandolas de las columnas correctas ...
09-05-2022 20:58:31 -> Pre_Procesado_5 -> INFO: 6.3. Identificación y separación OK
09-05-2022 20:58:31 -> Pre_Procesado_5 -> INFO: 6.4. Renombrando columnas correctas ...
09-05-2022 20:58:31 -> Pre_Procesado_5 -> INFO: 6.4. Renombrado OK
09-05-2022 20:58:31 -> Pre_Procesado_5 -> INFO: 6.5. Renombrando columnas incorrectas ...
09-05-2022 20:58:31 -> Pre_Procesado_5 -> INFO: 6.5. Renombrado OK
09-05-2022 20:58:31 -> Pre_Procesado_5 -> INFO: 6.2. Pre procesado 5 terminado correctamente
09-05-2022 20:58:31 -> Pre_Procesado_5 -> INFO: ----------
09-05-2022 20:58:31 -> Pre_Procesado_5 -> INFO: 6.1. Leyendo la data pre procesada 4 para la fecha: 2020-12-17 ...
09-05-2022 20:58:31 -> Pre_Procesado_5 -> INFO: 6.1. Data raw leída correctamente
09-05-2022 20:58:31 -> Pre_Procesado_5 -> INFO: 6.2. Iniciando pre procesado 5 ...
09-05-2022 20:58:31 -> Pre_Procesado_5 -> INFO: 6.3. Identificando columnas con JSON embebidos y separandolas de las columnas correctas ...
09-05-2022 20:58:31 -> Pre_Procesado_5 -> INFO: 6.3. Identificación y separación OK
09-05-2022 20:58:31 -> Pre_Procesado_5 -> INFO: 6.4. Renombrando columnas correctas ...
09-05-2022 20:58:31 -> Pre_Procesado_5 -> INFO: 6.4. Renombrado OK
09-05-2022 20:58:31 -> Pre_Procesado_5 -> INFO: 6.5. Renombrando columnas incorrectas ...
09-05-2022 20:58:31 -> Pre_Procesado_5 -> INFO: 6.5. Renombrado OK
09-05-2022 20:58:31 -> Pre_Procesado_5 -> INFO: 6.2. Pre procesado 5 terminado correctamente
09-05-2022 20:58:31 -> Pre_Procesado_5 -> INFO: ----------
09-05-2022 20:58:31 -> Pre_Procesado_5 -> INFO: 6.1. Leyendo la data pre procesada 4 para la fecha: 2020-12-18 ...
09-05-2022 20:58:31 -> Pre_Procesado_5 -> INFO: 6.1. Data raw leída correctamente
09-05-2022 20:58:31 -> Pre_Procesado_5 -> INFO: 6.2. Iniciando pre procesado 5 ...
09-05-2022 20:58:31 -> Pre_Procesado_5 -> INFO: 6.3. Identificando columnas con JSON embebidos y separandolas de las columnas correctas ...
09-05-2022 20:58:31 -> Pre_Procesado_5 -> INFO: 6.3. Identificación y separación OK
09-05-2022 20:58:31 -> Pre_Procesado_5 -> INFO: 6.4. Renombrando columnas correctas ...
09-05-2022 20:58:31 -> Pre_Procesado_5 -> INFO: 6.4. Renombrado OK
09-05-2022 20:58:31 -> Pre_Procesado_5 -> INFO: 6.5. Renombrando columnas incorrectas ...
09-05-2022 20:58:31 -> Pre_Procesado_5 -> INFO: 6.5. Renombrado OK
09-05-2022 20:58:31 -> Pre_Procesado_5 -> INFO: 6.2. Pre procesado 5 terminado correctamente
09-05-2022 20:58:31 -> Pre_Procesado_5 -> INFO: ----------
09-05-2022 20:58:31 -> Pre_Procesado_5 -> INFO: 6.1. Leyendo la data pre procesada 4 para la fecha: 2020-12-19 ...
09-05-2022 20:58:31 -> Pre_Procesado_5 -> INFO: 6.1. Data raw leída correctamente
09-05-2022 20:58:31 -> Pre_Procesado_5 -> INFO: 6.2. Iniciando pre procesado 5 ...
09-05-2022 20:58:31 -> Pre_Procesado_5 -> INFO: 6.3. Identificando columnas con JSON embebidos y separandolas de las columnas correctas ...
09-05-2022 20:58:31 -> Pre_Procesado_5 -> INFO: 6.3. Identificación y separación OK
09-05-2022 20:58:31 -> Pre_Procesado_5 -> INFO: 6.4. Renombrando columnas correctas ...
09-05-2022 20:58:31 -> Pre_Procesado_5 -> INFO: 6.4. Renombrado OK
09-05-2022 20:58:31 -> Pre_Procesado_5 -> INFO: 6.5. Renombrando columnas incorrectas ...
09-05-2022 20:58:31 -> Pre_Procesado_5 -> INFO: 6.5. Renombrado OK
09-05-2022 20:58:31 -> Pre_Procesado_5 -> INFO: 6.2. Pre procesado 5 terminado correctamente
09-05-2022 20:58:31 -> Pre_Procesado_5 -> INFO: ----------
09-05-2022 20:58:31 -> Pre_Procesado_5 -> INFO: 6.1. Leyendo la data pre procesada 4 para la fecha: 2020-12-20 ...
09-05-2022 20:58:31 -> Pre_Procesado_5 -> INFO: 6.1. Data raw leída correctamente
09-05-2022 20:58:31 -> Pre_Procesado_5 -> INFO: 6.2. Iniciando pre procesado 5 ...
09-05-2022 20:58:31 -> Pre_Procesado_5 -> INFO: 6.3. Identificando columnas con JSON embebidos y separandolas de las columnas correctas ...
09-05-2022 20:58:31 -> Pre_Procesado_5 -> INFO: 6.3. Identificación y separación OK
09-05-2022 20:58:31 -> Pre_Procesado_5 -> INFO: 6.4. Renombrando columnas correctas ...
09-05-2022 20:58:31 -> Pre_Procesado_5 -> INFO: 6.4. Renombrado OK
09-05-2022 20:58:31 -> Pre_Procesado_5 -> INFO: 6.5. Renombrando columnas incorrectas ...
09-05-2022 20:58:31 -> Pre_Procesado_5 -> INFO: 6.5. Renombrado OK
09-05-2022 20:58:31 -> Pre_Procesado_5 -> INFO: 6.2. Pre procesado 5 terminado correctamente
09-05-2022 20:58:31 -> Pre_Procesado_5 -> INFO: ----------
09-05-2022 20:58:31 -> Pre_Procesado_5 -> INFO: 6.1. Leyendo la data pre procesada 4 para la fecha: 2020-12-21 ...
09-05-2022 20:58:31 -> Pre_Procesado_5 -> INFO: 6.1. Data raw leída correctamente
09-05-2022 20:58:31 -> Pre_Procesado_5 -> INFO: 6.2. Iniciando pre procesado 5 ...
09-05-2022 20:58:31 -> Pre_Procesado_5 -> INFO: 6.3. Identificando columnas con JSON embebidos y separandolas de las columnas correctas ...
09-05-2022 20:58:31 -> Pre_Procesado_5 -> INFO: 6.3. Identificación y separación OK
09-05-2022 20:58:31 -> Pre_Procesado_5 -> INFO: 6.4. Renombrando columnas correctas ...
09-05-2022 20:58:31 -> Pre_Procesado_5 -> INFO: 6.4. Renombrado OK
09-05-2022 20:58:31 -> Pre_Procesado_5 -> INFO: 6.5. Renombrando columnas incorrectas ...
09-05-2022 20:58:31 -> Pre_Procesado_5 -> INFO: 6.5. Renombrado OK
09-05-2022 20:58:31 -> Pre_Procesado_5 -> INFO: 6.2. Pre procesado 5 terminado correctamente
09-05-2022 20:58:31 -> Pre_Procesado_5 -> INFO: ----------
09-05-2022 20:58:31 -> Pre_Procesado_5 -> INFO: 6.1. Leyendo la data pre procesada 4 para la fecha: 2020-12-24 ...
09-05-2022 20:58:31 -> Pre_Procesado_5 -> INFO: 6.1. Data raw leída correctamente
09-05-2022 20:58:31 -> Pre_Procesado_5 -> INFO: 6.2. Iniciando pre procesado 5 ...
09-05-2022 20:58:31 -> Pre_Procesado_5 -> INFO: 6.3. Identificando columnas con JSON embebidos y separandolas de las columnas correctas ...
09-05-2022 20:58:31 -> Pre_Procesado_5 -> INFO: 6.3. Identificación y separación OK
09-05-2022 20:58:31 -> Pre_Procesado_5 -> INFO: 6.4. Renombrando columnas correctas ...
09-05-2022 20:58:31 -> Pre_Procesado_5 -> INFO: 6.4. Renombrado OK
09-05-2022 20:58:31 -> Pre_Procesado_5 -> INFO: 6.5. Renombrando columnas incorrectas ...
09-05-2022 20:58:31 -> Pre_Procesado_5 -> INFO: 6.5. Renombrado OK
09-05-2022 20:58:31 -> Pre_Procesado_5 -> INFO: 6.2. Pre procesado 5 terminado correctamente
09-05-2022 20:58:31 -> Pre_Procesado_5 -> INFO: ----------
09-05-2022 20:58:31 -> Pre_Procesado_5 -> INFO: 6.1. Leyendo la data pre procesada 4 para la fecha: 2020-12-25 ...
09-05-2022 20:58:31 -> Pre_Procesado_5 -> INFO: 6.1. Data raw leída correctamente
09-05-2022 20:58:31 -> Pre_Procesado_5 -> INFO: 6.2. Iniciando pre procesado 5 ...
09-05-2022 20:58:31 -> Pre_Procesado_5 -> INFO: 6.3. Identificando columnas con JSON embebidos y separandolas de las columnas correctas ...
09-05-2022 20:58:31 -> Pre_Procesado_5 -> INFO: 6.3. Identificación y separación OK
09-05-2022 20:58:31 -> Pre_Procesado_5 -> INFO: 6.4. Renombrando columnas correctas ...
09-05-2022 20:58:31 -> Pre_Procesado_5 -> INFO: 6.4. Renombrado OK
09-05-2022 20:58:31 -> Pre_Procesado_5 -> INFO: 6.5. Renombrando columnas incorrectas ...
09-05-2022 20:58:31 -> Pre_Procesado_5 -> INFO: 6.5. Renombrado OK
09-05-2022 20:58:31 -> Pre_Procesado_5 -> INFO: 6.2. Pre procesado 5 terminado correctamente
09-05-2022 20:58:31 -> Pre_Procesado_5 -> INFO: ----------
09-05-2022 20:58:31 -> Pre_Procesado_5 -> INFO: 6.1. Leyendo la data pre procesada 4 para la fecha: 2020-12-26 ...
09-05-2022 20:58:31 -> Pre_Procesado_5 -> INFO: 6.1. Data raw leída correctamente
09-05-2022 20:58:31 -> Pre_Procesado_5 -> INFO: 6.2. Iniciando pre procesado 5 ...
09-05-2022 20:58:31 -> Pre_Procesado_5 -> INFO: 6.3. Identificando columnas con JSON embebidos y separandolas de las columnas correctas ...
09-05-2022 20:58:31 -> Pre_Procesado_5 -> INFO: 6.3. Identificación y separación OK
09-05-2022 20:58:31 -> Pre_Procesado_5 -> INFO: 6.4. Renombrando columnas correctas ...
09-05-2022 20:58:31 -> Pre_Procesado_5 -> INFO: 6.4. Renombrado OK
09-05-2022 20:58:31 -> Pre_Procesado_5 -> INFO: 6.5. Renombrando columnas incorrectas ...
09-05-2022 20:58:31 -> Pre_Procesado_5 -> INFO: 6.5. Renombrado OK
09-05-2022 20:58:31 -> Pre_Procesado_5 -> INFO: 6.2. Pre procesado 5 terminado correctamente
09-05-2022 20:58:31 -> Pre_Procesado_5 -> INFO: ----------
09-05-2022 20:58:31 -> Pre_Procesado_5 -> INFO: 6.1. Leyendo la data pre procesada 4 para la fecha: 2020-12-28 ...
09-05-2022 20:58:31 -> Pre_Procesado_5 -> INFO: 6.1. Data raw leída correctamente
09-05-2022 20:58:31 -> Pre_Procesado_5 -> INFO: 6.2. Iniciando pre procesado 5 ...
09-05-2022 20:58:31 -> Pre_Procesado_5 -> INFO: 6.3. Identificando columnas con JSON embebidos y separandolas de las columnas correctas ...
09-05-2022 20:58:31 -> Pre_Procesado_5 -> INFO: 6.3. Identificación y separación OK
09-05-2022 20:58:31 -> Pre_Procesado_5 -> INFO: 6.4. Renombrando columnas correctas ...
09-05-2022 20:58:31 -> Pre_Procesado_5 -> INFO: 6.4. Renombrado OK
09-05-2022 20:58:31 -> Pre_Procesado_5 -> INFO: 6.5. Renombrando columnas incorrectas ...
09-05-2022 20:58:31 -> Pre_Procesado_5 -> INFO: 6.5. Renombrado OK
09-05-2022 20:58:31 -> Pre_Procesado_5 -> INFO: 6.2. Pre procesado 5 terminado correctamente
09-05-2022 20:58:31 -> Pre_Procesado_5 -> INFO: ----------
09-05-2022 20:58:31 -> Pre_Procesado_5 -> INFO: 6.1. Leyendo la data pre procesada 4 para la fecha: 2020-12-31 ...
09-05-2022 20:58:31 -> Pre_Procesado_5 -> INFO: 6.1. Data raw leída correctamente
09-05-2022 20:58:31 -> Pre_Procesado_5 -> INFO: 6.2. Iniciando pre procesado 5 ...
09-05-2022 20:58:31 -> Pre_Procesado_5 -> INFO: 6.3. Identificando columnas con JSON embebidos y separandolas de las columnas correctas ...
09-05-2022 20:58:31 -> Pre_Procesado_5 -> INFO: 6.3. Identificación y separación OK
09-05-2022 20:58:31 -> Pre_Procesado_5 -> INFO: 6.4. Renombrando columnas correctas ...
09-05-2022 20:58:31 -> Pre_Procesado_5 -> INFO: 6.4. Renombrado OK
09-05-2022 20:58:31 -> Pre_Procesado_5 -> INFO: 6.5. Renombrando columnas incorrectas ...
09-05-2022 20:58:31 -> Pre_Procesado_5 -> INFO: 6.5. Renombrado OK
09-05-2022 20:58:31 -> Pre_Procesado_5 -> INFO: 6.2. Pre procesado 5 terminado correctamente
09-05-2022 20:58:31 -> Pre_Procesado_5 -> INFO: ----------
09-05-2022 20:58:31 -> Pre_Procesado_5 -> INFO: 6.1. Leyendo la data pre procesada 4 para la fecha: 2020-12-11 ...
09-05-2022 20:58:31 -> Pre_Procesado_5 -> INFO: 6.1. Data raw leída correctamente
09-05-2022 20:58:31 -> Pre_Procesado_5 -> INFO: 6.2. Iniciando pre procesado 5 ...
09-05-2022 20:58:31 -> Pre_Procesado_5 -> INFO: 6.3. Identificando columnas con JSON embebidos y separandolas de las columnas correctas ...
09-05-2022 20:58:31 -> Pre_Procesado_5 -> INFO: 6.3. Identificación y separación OK
09-05-2022 20:58:31 -> Pre_Procesado_5 -> INFO: 6.4. Renombrando columnas correctas ...
09-05-2022 20:58:31 -> Pre_Procesado_5 -> INFO: 6.4. Renombrado OK
09-05-2022 20:58:31 -> Pre_Procesado_5 -> INFO: 6.5. Renombrando columnas incorrectas ...
09-05-2022 20:58:31 -> Pre_Procesado_5 -> INFO: 6.5. Renombrado OK
09-05-2022 20:58:31 -> Pre_Procesado_5 -> INFO: 6.2. Pre procesado 5 terminado correctamente
09-05-2022 20:58:31 -> Pre_Procesado_5 -> INFO: ----------
09-05-2022 20:58:31 -> Pre_Procesado_5 -> INFO: 6.1. Leyendo la data pre procesada 4 para la fecha: 2020-12-18 ...
09-05-2022 20:58:31 -> Pre_Procesado_5 -> INFO: 6.1. Data raw leída correctamente
09-05-2022 20:58:31 -> Pre_Procesado_5 -> INFO: 6.2. Iniciando pre procesado 5 ...
09-05-2022 20:58:31 -> Pre_Procesado_5 -> INFO: 6.3. Identificando columnas con JSON embebidos y separandolas de las columnas correctas ...
09-05-2022 20:58:31 -> Pre_Procesado_5 -> INFO: 6.3. Identificación y separación OK
09-05-2022 20:58:31 -> Pre_Procesado_5 -> INFO: 6.4. Renombrando columnas correctas ...
09-05-2022 20:58:31 -> Pre_Procesado_5 -> INFO: 6.4. Renombrado OK
09-05-2022 20:58:31 -> Pre_Procesado_5 -> INFO: 6.5. Renombrando columnas incorrectas ...
09-05-2022 20:58:31 -> Pre_Procesado_5 -> INFO: 6.5. Renombrado OK
09-05-2022 20:58:31 -> Pre_Procesado_5 -> INFO: 6.2. Pre procesado 5 terminado correctamente
09-05-2022 20:58:31 -> Pre_Procesado_5 -> INFO: ----------
09-05-2022 20:58:31 -> Pre_Procesado_5 -> INFO: 6.1. Leyendo la data pre procesada 4 para la fecha: 2020-12-25 ...
09-05-2022 20:58:31 -> Pre_Procesado_5 -> INFO: 6.1. Data raw leída correctamente
09-05-2022 20:58:31 -> Pre_Procesado_5 -> INFO: 6.2. Iniciando pre procesado 5 ...
09-05-2022 20:58:31 -> Pre_Procesado_5 -> INFO: 6.3. Identificando columnas con JSON embebidos y separandolas de las columnas correctas ...
09-05-2022 20:58:31 -> Pre_Procesado_5 -> INFO: 6.3. Identificación y separación OK
09-05-2022 20:58:31 -> Pre_Procesado_5 -> INFO: 6.4. Renombrando columnas correctas ...
09-05-2022 20:58:31 -> Pre_Procesado_5 -> INFO: 6.4. Renombrado OK
09-05-2022 20:58:31 -> Pre_Procesado_5 -> INFO: 6.5. Renombrando columnas incorrectas ...
09-05-2022 20:58:31 -> Pre_Procesado_5 -> INFO: 6.5. Renombrado OK
09-05-2022 20:58:31 -> Pre_Procesado_5 -> INFO: 6.2. Pre procesado 5 terminado correctamente
09-05-2022 20:58:31 -> Pre_Procesado_5 -> INFO: ----------
09-05-2022 20:58:31 -> Pre_Procesado_5 -> INFO: 6.1. Leyendo la data pre procesada 4 para la fecha: 2020-12-01 ...
09-05-2022 20:58:31 -> Pre_Procesado_5 -> INFO: 6.1. Data raw leída correctamente
09-05-2022 20:58:31 -> Pre_Procesado_5 -> INFO: 6.2. Iniciando pre procesado 5 ...
09-05-2022 20:58:31 -> Pre_Procesado_5 -> INFO: 6.3. Identificando columnas con JSON embebidos y separandolas de las columnas correctas ...
09-05-2022 20:58:31 -> Pre_Procesado_5 -> INFO: 6.3. Identificación y separación OK
09-05-2022 20:58:31 -> Pre_Procesado_5 -> INFO: 6.4. Renombrando columnas correctas ...
09-05-2022 20:58:31 -> Pre_Procesado_5 -> INFO: 6.4. Renombrado OK
09-05-2022 20:58:31 -> Pre_Procesado_5 -> INFO: 6.5. Renombrando columnas incorrectas ...
09-05-2022 20:58:31 -> Pre_Procesado_5 -> INFO: 6.5. Renombrado OK
09-05-2022 20:58:31 -> Pre_Procesado_5 -> INFO: 6.2. Pre procesado 5 terminado correctamente
09-05-2022 20:58:31 -> Pre_Procesado_5 -> INFO: ----------
09-05-2022 20:58:31 -> Pre_Procesado_5 -> INFO: 6.1. Leyendo la data pre procesada 4 para la fecha: 2020-12-02 ...
09-05-2022 20:58:31 -> Pre_Procesado_5 -> INFO: 6.1. Data raw leída correctamente
09-05-2022 20:58:31 -> Pre_Procesado_5 -> INFO: 6.2. Iniciando pre procesado 5 ...
09-05-2022 20:58:31 -> Pre_Procesado_5 -> INFO: 6.3. Identificando columnas con JSON embebidos y separandolas de las columnas correctas ...
09-05-2022 20:58:31 -> Pre_Procesado_5 -> INFO: 6.3. Identificación y separación OK
09-05-2022 20:58:31 -> Pre_Procesado_5 -> INFO: 6.4. Renombrando columnas correctas ...
09-05-2022 20:58:31 -> Pre_Procesado_5 -> INFO: 6.4. Renombrado OK
09-05-2022 20:58:31 -> Pre_Procesado_5 -> INFO: 6.5. Renombrando columnas incorrectas ...
09-05-2022 20:58:31 -> Pre_Procesado_5 -> INFO: 6.5. Renombrado OK
09-05-2022 20:58:31 -> Pre_Procesado_5 -> INFO: 6.2. Pre procesado 5 terminado correctamente
09-05-2022 20:58:31 -> Pre_Procesado_5 -> INFO: ----------
09-05-2022 20:58:31 -> Pre_Procesado_5 -> INFO: 6.1. Leyendo la data pre procesada 4 para la fecha: 2020-12-03 ...
09-05-2022 20:58:31 -> Pre_Procesado_5 -> INFO: 6.1. Data raw leída correctamente
09-05-2022 20:58:31 -> Pre_Procesado_5 -> INFO: 6.2. Iniciando pre procesado 5 ...
09-05-2022 20:58:31 -> Pre_Procesado_5 -> INFO: 6.3. Identificando columnas con JSON embebidos y separandolas de las columnas correctas ...
09-05-2022 20:58:31 -> Pre_Procesado_5 -> INFO: 6.3. Identificación y separación OK
09-05-2022 20:58:31 -> Pre_Procesado_5 -> INFO: 6.4. Renombrando columnas correctas ...
09-05-2022 20:58:31 -> Pre_Procesado_5 -> INFO: 6.4. Renombrado OK
09-05-2022 20:58:31 -> Pre_Procesado_5 -> INFO: 6.5. Renombrando columnas incorrectas ...
09-05-2022 20:58:31 -> Pre_Procesado_5 -> INFO: 6.5. Renombrado OK
09-05-2022 20:58:31 -> Pre_Procesado_5 -> INFO: 6.2. Pre procesado 5 terminado correctamente
09-05-2022 20:58:31 -> Pre_Procesado_5 -> INFO: ----------
09-05-2022 20:58:31 -> Pre_Procesado_5 -> INFO: 6.1. Leyendo la data pre procesada 4 para la fecha: 2020-12-04 ...
09-05-2022 20:58:31 -> Pre_Procesado_5 -> INFO: 6.1. Data raw leída correctamente
09-05-2022 20:58:31 -> Pre_Procesado_5 -> INFO: 6.2. Iniciando pre procesado 5 ...
09-05-2022 20:58:31 -> Pre_Procesado_5 -> INFO: 6.3. Identificando columnas con JSON embebidos y separandolas de las columnas correctas ...
09-05-2022 20:58:31 -> Pre_Procesado_5 -> INFO: 6.3. Identificación y separación OK
09-05-2022 20:58:31 -> Pre_Procesado_5 -> INFO: 6.4. Renombrando columnas correctas ...
09-05-2022 20:58:31 -> Pre_Procesado_5 -> INFO: 6.4. Renombrado OK
09-05-2022 20:58:31 -> Pre_Procesado_5 -> INFO: 6.5. Renombrando columnas incorrectas ...
09-05-2022 20:58:31 -> Pre_Procesado_5 -> INFO: 6.5. Renombrado OK
09-05-2022 20:58:31 -> Pre_Procesado_5 -> INFO: 6.2. Pre procesado 5 terminado correctamente
09-05-2022 20:58:31 -> Pre_Procesado_5 -> INFO: ----------
09-05-2022 20:58:31 -> Pre_Procesado_5 -> INFO: 6.1. Leyendo la data pre procesada 4 para la fecha: 2020-12-05 ...
09-05-2022 20:58:31 -> Pre_Procesado_5 -> INFO: 6.1. Data raw leída correctamente
09-05-2022 20:58:31 -> Pre_Procesado_5 -> INFO: 6.2. Iniciando pre procesado 5 ...
09-05-2022 20:58:31 -> Pre_Procesado_5 -> INFO: 6.3. Identificando columnas con JSON embebidos y separandolas de las columnas correctas ...
09-05-2022 20:58:31 -> Pre_Procesado_5 -> INFO: 6.3. Identificación y separación OK
09-05-2022 20:58:31 -> Pre_Procesado_5 -> INFO: 6.4. Renombrando columnas correctas ...
09-05-2022 20:58:31 -> Pre_Procesado_5 -> INFO: 6.4. Renombrado OK
09-05-2022 20:58:31 -> Pre_Procesado_5 -> INFO: 6.5. Renombrando columnas incorrectas ...
09-05-2022 20:58:31 -> Pre_Procesado_5 -> INFO: 6.5. Renombrado OK
09-05-2022 20:58:31 -> Pre_Procesado_5 -> INFO: 6.2. Pre procesado 5 terminado correctamente
09-05-2022 20:58:31 -> Pre_Procesado_5 -> INFO: ----------
09-05-2022 20:58:31 -> Pre_Procesado_5 -> INFO: 6.1. Leyendo la data pre procesada 4 para la fecha: 2020-12-06 ...
09-05-2022 20:58:31 -> Pre_Procesado_5 -> INFO: 6.1. Data raw leída correctamente
09-05-2022 20:58:31 -> Pre_Procesado_5 -> INFO: 6.2. Iniciando pre procesado 5 ...
09-05-2022 20:58:31 -> Pre_Procesado_5 -> INFO: 6.3. Identificando columnas con JSON embebidos y separandolas de las columnas correctas ...
09-05-2022 20:58:31 -> Pre_Procesado_5 -> INFO: 6.3. Identificación y separación OK
09-05-2022 20:58:31 -> Pre_Procesado_5 -> INFO: 6.4. Renombrando columnas correctas ...
09-05-2022 20:58:31 -> Pre_Procesado_5 -> INFO: 6.4. Renombrado OK
09-05-2022 20:58:31 -> Pre_Procesado_5 -> INFO: 6.5. Renombrando columnas incorrectas ...
09-05-2022 20:58:31 -> Pre_Procesado_5 -> INFO: 6.5. Renombrado OK
09-05-2022 20:58:31 -> Pre_Procesado_5 -> INFO: 6.2. Pre procesado 5 terminado correctamente
09-05-2022 20:58:31 -> Pre_Procesado_5 -> INFO: ----------
09-05-2022 20:58:31 -> Pre_Procesado_5 -> INFO: 6.1. Leyendo la data pre procesada 4 para la fecha: 2020-12-07 ...
09-05-2022 20:58:31 -> Pre_Procesado_5 -> INFO: 6.1. Data raw leída correctamente
09-05-2022 20:58:31 -> Pre_Procesado_5 -> INFO: 6.2. Iniciando pre procesado 5 ...
09-05-2022 20:58:31 -> Pre_Procesado_5 -> INFO: 6.3. Identificando columnas con JSON embebidos y separandolas de las columnas correctas ...
09-05-2022 20:58:31 -> Pre_Procesado_5 -> INFO: 6.3. Identificación y separación OK
09-05-2022 20:58:31 -> Pre_Procesado_5 -> INFO: 6.4. Renombrando columnas correctas ...
09-05-2022 20:58:31 -> Pre_Procesado_5 -> INFO: 6.4. Renombrado OK
09-05-2022 20:58:31 -> Pre_Procesado_5 -> INFO: 6.5. Renombrando columnas incorrectas ...
09-05-2022 20:58:31 -> Pre_Procesado_5 -> INFO: 6.5. Renombrado OK
09-05-2022 20:58:31 -> Pre_Procesado_5 -> INFO: 6.2. Pre procesado 5 terminado correctamente
09-05-2022 20:58:31 -> Pre_Procesado_5 -> INFO: ----------
09-05-2022 20:58:31 -> Pre_Procesado_5 -> INFO: 6.1. Leyendo la data pre procesada 4 para la fecha: 2020-12-08 ...
09-05-2022 20:58:31 -> Pre_Procesado_5 -> INFO: 6.1. Data raw leída correctamente
09-05-2022 20:58:31 -> Pre_Procesado_5 -> INFO: 6.2. Iniciando pre procesado 5 ...
09-05-2022 20:58:31 -> Pre_Procesado_5 -> INFO: 6.3. Identificando columnas con JSON embebidos y separandolas de las columnas correctas ...
09-05-2022 20:58:31 -> Pre_Procesado_5 -> INFO: 6.3. Identificación y separación OK
09-05-2022 20:58:31 -> Pre_Procesado_5 -> INFO: 6.4. Renombrando columnas correctas ...
09-05-2022 20:58:31 -> Pre_Procesado_5 -> INFO: 6.4. Renombrado OK
09-05-2022 20:58:31 -> Pre_Procesado_5 -> INFO: 6.5. Renombrando columnas incorrectas ...
09-05-2022 20:58:31 -> Pre_Procesado_5 -> INFO: 6.5. Renombrado OK
09-05-2022 20:58:31 -> Pre_Procesado_5 -> INFO: 6.2. Pre procesado 5 terminado correctamente
09-05-2022 20:58:31 -> Pre_Procesado_5 -> INFO: ----------
09-05-2022 20:58:31 -> Pre_Procesado_5 -> INFO: 6.1. Leyendo la data pre procesada 4 para la fecha: 2020-12-09 ...
09-05-2022 20:58:31 -> Pre_Procesado_5 -> INFO: 6.1. Data raw leída correctamente
09-05-2022 20:58:31 -> Pre_Procesado_5 -> INFO: 6.2. Iniciando pre procesado 5 ...
09-05-2022 20:58:31 -> Pre_Procesado_5 -> INFO: 6.3. Identificando columnas con JSON embebidos y separandolas de las columnas correctas ...
09-05-2022 20:58:31 -> Pre_Procesado_5 -> INFO: 6.3. Identificación y separación OK
09-05-2022 20:58:31 -> Pre_Procesado_5 -> INFO: 6.4. Renombrando columnas correctas ...
09-05-2022 20:58:31 -> Pre_Procesado_5 -> INFO: 6.4. Renombrado OK
09-05-2022 20:58:31 -> Pre_Procesado_5 -> INFO: 6.5. Renombrando columnas incorrectas ...
09-05-2022 20:58:31 -> Pre_Procesado_5 -> INFO: 6.5. Renombrado OK
09-05-2022 20:58:31 -> Pre_Procesado_5 -> INFO: 6.2. Pre procesado 5 terminado correctamente
09-05-2022 20:58:31 -> Pre_Procesado_5 -> INFO: ----------
09-05-2022 20:58:31 -> Pre_Procesado_5 -> INFO: 6.1. Leyendo la data pre procesada 4 para la fecha: 2020-12-10 ...
09-05-2022 20:58:31 -> Pre_Procesado_5 -> INFO: 6.1. Data raw leída correctamente
09-05-2022 20:58:31 -> Pre_Procesado_5 -> INFO: 6.2. Iniciando pre procesado 5 ...
09-05-2022 20:58:31 -> Pre_Procesado_5 -> INFO: 6.3. Identificando columnas con JSON embebidos y separandolas de las columnas correctas ...
09-05-2022 20:58:31 -> Pre_Procesado_5 -> INFO: 6.3. Identificación y separación OK
09-05-2022 20:58:31 -> Pre_Procesado_5 -> INFO: 6.4. Renombrando columnas correctas ...
09-05-2022 20:58:31 -> Pre_Procesado_5 -> INFO: 6.4. Renombrado OK
09-05-2022 20:58:31 -> Pre_Procesado_5 -> INFO: 6.5. Renombrando columnas incorrectas ...
09-05-2022 20:58:31 -> Pre_Procesado_5 -> INFO: 6.5. Renombrado OK
09-05-2022 20:58:31 -> Pre_Procesado_5 -> INFO: 6.2. Pre procesado 5 terminado correctamente
09-05-2022 20:58:31 -> Pre_Procesado_5 -> INFO: ----------
09-05-2022 20:58:31 -> Pre_Procesado_5 -> INFO: 6.1. Leyendo la data pre procesada 4 para la fecha: 2020-12-11 ...
09-05-2022 20:58:31 -> Pre_Procesado_5 -> INFO: 6.1. Data raw leída correctamente
09-05-2022 20:58:31 -> Pre_Procesado_5 -> INFO: 6.2. Iniciando pre procesado 5 ...
09-05-2022 20:58:31 -> Pre_Procesado_5 -> INFO: 6.3. Identificando columnas con JSON embebidos y separandolas de las columnas correctas ...
09-05-2022 20:58:31 -> Pre_Procesado_5 -> INFO: 6.3. Identificación y separación OK
09-05-2022 20:58:31 -> Pre_Procesado_5 -> INFO: 6.4. Renombrando columnas correctas ...
09-05-2022 20:58:31 -> Pre_Procesado_5 -> INFO: 6.4. Renombrado OK
09-05-2022 20:58:31 -> Pre_Procesado_5 -> INFO: 6.5. Renombrando columnas incorrectas ...
09-05-2022 20:58:31 -> Pre_Procesado_5 -> INFO: 6.5. Renombrado OK
09-05-2022 20:58:31 -> Pre_Procesado_5 -> INFO: 6.2. Pre procesado 5 terminado correctamente
09-05-2022 20:58:31 -> Pre_Procesado_5 -> INFO: ----------
09-05-2022 20:58:31 -> Pre_Procesado_5 -> INFO: 6.1. Leyendo la data pre procesada 4 para la fecha: 2020-12-12 ...
09-05-2022 20:58:31 -> Pre_Procesado_5 -> INFO: 6.1. Data raw leída correctamente
09-05-2022 20:58:31 -> Pre_Procesado_5 -> INFO: 6.2. Iniciando pre procesado 5 ...
09-05-2022 20:58:31 -> Pre_Procesado_5 -> INFO: 6.3. Identificando columnas con JSON embebidos y separandolas de las columnas correctas ...
09-05-2022 20:58:31 -> Pre_Procesado_5 -> INFO: 6.3. Identificación y separación OK
09-05-2022 20:58:31 -> Pre_Procesado_5 -> INFO: 6.4. Renombrando columnas correctas ...
09-05-2022 20:58:31 -> Pre_Procesado_5 -> INFO: 6.4. Renombrado OK
09-05-2022 20:58:31 -> Pre_Procesado_5 -> INFO: 6.5. Renombrando columnas incorrectas ...
09-05-2022 20:58:31 -> Pre_Procesado_5 -> INFO: 6.5. Renombrado OK
09-05-2022 20:58:31 -> Pre_Procesado_5 -> INFO: 6.2. Pre procesado 5 terminado correctamente
09-05-2022 20:58:31 -> Pre_Procesado_5 -> INFO: ----------
09-05-2022 20:58:31 -> Pre_Procesado_5 -> INFO: 6.1. Leyendo la data pre procesada 4 para la fecha: 2020-12-13 ...
09-05-2022 20:58:31 -> Pre_Procesado_5 -> INFO: 6.1. Data raw leída correctamente
09-05-2022 20:58:31 -> Pre_Procesado_5 -> INFO: 6.2. Iniciando pre procesado 5 ...
09-05-2022 20:58:31 -> Pre_Procesado_5 -> INFO: 6.3. Identificando columnas con JSON embebidos y separandolas de las columnas correctas ...
09-05-2022 20:58:31 -> Pre_Procesado_5 -> INFO: 6.3. Identificación y separación OK
09-05-2022 20:58:31 -> Pre_Procesado_5 -> INFO: 6.4. Renombrando columnas correctas ...
09-05-2022 20:58:31 -> Pre_Procesado_5 -> INFO: 6.4. Renombrado OK
09-05-2022 20:58:31 -> Pre_Procesado_5 -> INFO: 6.5. Renombrando columnas incorrectas ...
09-05-2022 20:58:31 -> Pre_Procesado_5 -> INFO: 6.5. Renombrado OK
09-05-2022 20:58:31 -> Pre_Procesado_5 -> INFO: 6.2. Pre procesado 5 terminado correctamente
09-05-2022 20:58:31 -> Pre_Procesado_5 -> INFO: ----------
09-05-2022 20:58:31 -> Pre_Procesado_5 -> INFO: 6.1. Leyendo la data pre procesada 4 para la fecha: 2020-12-14 ...
09-05-2022 20:58:31 -> Pre_Procesado_5 -> INFO: 6.1. Data raw leída correctamente
09-05-2022 20:58:31 -> Pre_Procesado_5 -> INFO: 6.2. Iniciando pre procesado 5 ...
09-05-2022 20:58:31 -> Pre_Procesado_5 -> INFO: 6.3. Identificando columnas con JSON embebidos y separandolas de las columnas correctas ...
09-05-2022 20:58:31 -> Pre_Procesado_5 -> INFO: 6.3. Identificación y separación OK
09-05-2022 20:58:31 -> Pre_Procesado_5 -> INFO: 6.4. Renombrando columnas correctas ...
09-05-2022 20:58:31 -> Pre_Procesado_5 -> INFO: 6.4. Renombrado OK
09-05-2022 20:58:31 -> Pre_Procesado_5 -> INFO: 6.5. Renombrando columnas incorrectas ...
09-05-2022 20:58:31 -> Pre_Procesado_5 -> INFO: 6.5. Renombrado OK
09-05-2022 20:58:31 -> Pre_Procesado_5 -> INFO: 6.2. Pre procesado 5 terminado correctamente
09-05-2022 20:58:31 -> Pre_Procesado_5 -> INFO: ----------
09-05-2022 20:58:31 -> Pre_Procesado_5 -> INFO: 6.1. Leyendo la data pre procesada 4 para la fecha: 2020-12-15 ...
09-05-2022 20:58:31 -> Pre_Procesado_5 -> INFO: 6.1. Data raw leída correctamente
09-05-2022 20:58:31 -> Pre_Procesado_5 -> INFO: 6.2. Iniciando pre procesado 5 ...
09-05-2022 20:58:31 -> Pre_Procesado_5 -> INFO: 6.3. Identificando columnas con JSON embebidos y separandolas de las columnas correctas ...
09-05-2022 20:58:31 -> Pre_Procesado_5 -> INFO: 6.3. Identificación y separación OK
09-05-2022 20:58:31 -> Pre_Procesado_5 -> INFO: 6.4. Renombrando columnas correctas ...
09-05-2022 20:58:31 -> Pre_Procesado_5 -> INFO: 6.4. Renombrado OK
09-05-2022 20:58:31 -> Pre_Procesado_5 -> INFO: 6.5. Renombrando columnas incorrectas ...
09-05-2022 20:58:31 -> Pre_Procesado_5 -> INFO: 6.5. Renombrado OK
09-05-2022 20:58:31 -> Pre_Procesado_5 -> INFO: 6.2. Pre procesado 5 terminado correctamente
09-05-2022 20:58:31 -> Pre_Procesado_5 -> INFO: ----------
09-05-2022 20:58:31 -> Pre_Procesado_5 -> INFO: 6.1. Leyendo la data pre procesada 4 para la fecha: 2020-12-16 ...
09-05-2022 20:58:31 -> Pre_Procesado_5 -> INFO: 6.1. Data raw leída correctamente
09-05-2022 20:58:31 -> Pre_Procesado_5 -> INFO: 6.2. Iniciando pre procesado 5 ...
09-05-2022 20:58:31 -> Pre_Procesado_5 -> INFO: 6.3. Identificando columnas con JSON embebidos y separandolas de las columnas correctas ...
09-05-2022 20:58:31 -> Pre_Procesado_5 -> INFO: 6.3. Identificación y separación OK
09-05-2022 20:58:31 -> Pre_Procesado_5 -> INFO: 6.4. Renombrando columnas correctas ...
09-05-2022 20:58:31 -> Pre_Procesado_5 -> INFO: 6.4. Renombrado OK
09-05-2022 20:58:31 -> Pre_Procesado_5 -> INFO: 6.5. Renombrando columnas incorrectas ...
09-05-2022 20:58:31 -> Pre_Procesado_5 -> INFO: 6.5. Renombrado OK
09-05-2022 20:58:31 -> Pre_Procesado_5 -> INFO: 6.2. Pre procesado 5 terminado correctamente
09-05-2022 20:58:31 -> Pre_Procesado_5 -> INFO: ----------
09-05-2022 20:58:31 -> Pre_Procesado_5 -> INFO: 6.1. Leyendo la data pre procesada 4 para la fecha: 2020-12-17 ...
09-05-2022 20:58:31 -> Pre_Procesado_5 -> INFO: 6.1. Data raw leída correctamente
09-05-2022 20:58:31 -> Pre_Procesado_5 -> INFO: 6.2. Iniciando pre procesado 5 ...
09-05-2022 20:58:31 -> Pre_Procesado_5 -> INFO: 6.3. Identificando columnas con JSON embebidos y separandolas de las columnas correctas ...
09-05-2022 20:58:31 -> Pre_Procesado_5 -> INFO: 6.3. Identificación y separación OK
09-05-2022 20:58:31 -> Pre_Procesado_5 -> INFO: 6.4. Renombrando columnas correctas ...
09-05-2022 20:58:31 -> Pre_Procesado_5 -> INFO: 6.4. Renombrado OK
09-05-2022 20:58:31 -> Pre_Procesado_5 -> INFO: 6.5. Renombrando columnas incorrectas ...
09-05-2022 20:58:31 -> Pre_Procesado_5 -> INFO: 6.5. Renombrado OK
09-05-2022 20:58:31 -> Pre_Procesado_5 -> INFO: 6.2. Pre procesado 5 terminado correctamente
09-05-2022 20:58:31 -> Pre_Procesado_5 -> INFO: ----------
09-05-2022 20:58:31 -> Pre_Procesado_5 -> INFO: 6.1. Leyendo la data pre procesada 4 para la fecha: 2020-12-18 ...
09-05-2022 20:58:31 -> Pre_Procesado_5 -> INFO: 6.1. Data raw leída correctamente
09-05-2022 20:58:31 -> Pre_Procesado_5 -> INFO: 6.2. Iniciando pre procesado 5 ...
09-05-2022 20:58:31 -> Pre_Procesado_5 -> INFO: 6.3. Identificando columnas con JSON embebidos y separandolas de las columnas correctas ...
09-05-2022 20:58:31 -> Pre_Procesado_5 -> INFO: 6.3. Identificación y separación OK
09-05-2022 20:58:31 -> Pre_Procesado_5 -> INFO: 6.4. Renombrando columnas correctas ...
09-05-2022 20:58:31 -> Pre_Procesado_5 -> INFO: 6.4. Renombrado OK
09-05-2022 20:58:31 -> Pre_Procesado_5 -> INFO: 6.5. Renombrando columnas incorrectas ...
09-05-2022 20:58:31 -> Pre_Procesado_5 -> INFO: 6.5. Renombrado OK
09-05-2022 20:58:31 -> Pre_Procesado_5 -> INFO: 6.2. Pre procesado 5 terminado correctamente
09-05-2022 20:58:31 -> Pre_Procesado_5 -> INFO: ----------
09-05-2022 20:58:31 -> Pre_Procesado_5 -> INFO: 6.1. Leyendo la data pre procesada 4 para la fecha: 2020-12-19 ...
09-05-2022 20:58:31 -> Pre_Procesado_5 -> INFO: 6.1. Data raw leída correctamente
09-05-2022 20:58:31 -> Pre_Procesado_5 -> INFO: 6.2. Iniciando pre procesado 5 ...
09-05-2022 20:58:31 -> Pre_Procesado_5 -> INFO: 6.3. Identificando columnas con JSON embebidos y separandolas de las columnas correctas ...
09-05-2022 20:58:32 -> Pre_Procesado_5 -> INFO: 6.3. Identificación y separación OK
09-05-2022 20:58:32 -> Pre_Procesado_5 -> INFO: 6.4. Renombrando columnas correctas ...
09-05-2022 20:58:32 -> Pre_Procesado_5 -> INFO: 6.4. Renombrado OK
09-05-2022 20:58:32 -> Pre_Procesado_5 -> INFO: 6.5. Renombrando columnas incorrectas ...
09-05-2022 20:58:32 -> Pre_Procesado_5 -> INFO: 6.5. Renombrado OK
09-05-2022 20:58:32 -> Pre_Procesado_5 -> INFO: 6.2. Pre procesado 5 terminado correctamente
09-05-2022 20:58:32 -> Pre_Procesado_5 -> INFO: ----------
09-05-2022 20:58:32 -> Pre_Procesado_5 -> INFO: 6.1. Leyendo la data pre procesada 4 para la fecha: 2020-12-20 ...
09-05-2022 20:58:32 -> Pre_Procesado_5 -> INFO: 6.1. Data raw leída correctamente
09-05-2022 20:58:32 -> Pre_Procesado_5 -> INFO: 6.2. Iniciando pre procesado 5 ...
09-05-2022 20:58:32 -> Pre_Procesado_5 -> INFO: 6.3. Identificando columnas con JSON embebidos y separandolas de las columnas correctas ...
09-05-2022 20:58:32 -> Pre_Procesado_5 -> INFO: 6.3. Identificación y separación OK
09-05-2022 20:58:32 -> Pre_Procesado_5 -> INFO: 6.4. Renombrando columnas correctas ...
09-05-2022 20:58:32 -> Pre_Procesado_5 -> INFO: 6.4. Renombrado OK
09-05-2022 20:58:32 -> Pre_Procesado_5 -> INFO: 6.5. Renombrando columnas incorrectas ...
09-05-2022 20:58:32 -> Pre_Procesado_5 -> INFO: 6.5. Renombrado OK
09-05-2022 20:58:32 -> Pre_Procesado_5 -> INFO: 6.2. Pre procesado 5 terminado correctamente
09-05-2022 20:58:32 -> Pre_Procesado_5 -> INFO: ----------
09-05-2022 20:58:32 -> Pre_Procesado_5 -> INFO: 6.1. Leyendo la data pre procesada 4 para la fecha: 2020-12-21 ...
09-05-2022 20:58:32 -> Pre_Procesado_5 -> INFO: 6.1. Data raw leída correctamente
09-05-2022 20:58:32 -> Pre_Procesado_5 -> INFO: 6.2. Iniciando pre procesado 5 ...
09-05-2022 20:58:32 -> Pre_Procesado_5 -> INFO: 6.3. Identificando columnas con JSON embebidos y separandolas de las columnas correctas ...
09-05-2022 20:58:32 -> Pre_Procesado_5 -> INFO: 6.3. Identificación y separación OK
09-05-2022 20:58:32 -> Pre_Procesado_5 -> INFO: 6.4. Renombrando columnas correctas ...
09-05-2022 20:58:32 -> Pre_Procesado_5 -> INFO: 6.4. Renombrado OK
09-05-2022 20:58:32 -> Pre_Procesado_5 -> INFO: 6.5. Renombrando columnas incorrectas ...
09-05-2022 20:58:32 -> Pre_Procesado_5 -> INFO: 6.5. Renombrado OK
09-05-2022 20:58:32 -> Pre_Procesado_5 -> INFO: 6.2. Pre procesado 5 terminado correctamente
09-05-2022 20:58:32 -> Pre_Procesado_5 -> INFO: ----------
09-05-2022 20:58:32 -> Pre_Procesado_5 -> INFO: 6.1. Leyendo la data pre procesada 4 para la fecha: 2020-12-22 ...
09-05-2022 20:58:32 -> Pre_Procesado_5 -> INFO: 6.1. Data raw leída correctamente
09-05-2022 20:58:32 -> Pre_Procesado_5 -> INFO: 6.2. Iniciando pre procesado 5 ...
09-05-2022 20:58:32 -> Pre_Procesado_5 -> INFO: 6.3. Identificando columnas con JSON embebidos y separandolas de las columnas correctas ...
09-05-2022 20:58:32 -> Pre_Procesado_5 -> INFO: 6.3. Identificación y separación OK
09-05-2022 20:58:32 -> Pre_Procesado_5 -> INFO: 6.4. Renombrando columnas correctas ...
09-05-2022 20:58:32 -> Pre_Procesado_5 -> INFO: 6.4. Renombrado OK
09-05-2022 20:58:32 -> Pre_Procesado_5 -> INFO: 6.5. Renombrando columnas incorrectas ...
09-05-2022 20:58:32 -> Pre_Procesado_5 -> INFO: 6.5. Renombrado OK
09-05-2022 20:58:32 -> Pre_Procesado_5 -> INFO: 6.2. Pre procesado 5 terminado correctamente
09-05-2022 20:58:32 -> Pre_Procesado_5 -> INFO: ----------
09-05-2022 20:58:32 -> Pre_Procesado_5 -> INFO: 6.1. Leyendo la data pre procesada 4 para la fecha: 2020-12-23 ...
09-05-2022 20:58:32 -> Pre_Procesado_5 -> INFO: 6.1. Data raw leída correctamente
09-05-2022 20:58:32 -> Pre_Procesado_5 -> INFO: 6.2. Iniciando pre procesado 5 ...
09-05-2022 20:58:32 -> Pre_Procesado_5 -> INFO: 6.3. Identificando columnas con JSON embebidos y separandolas de las columnas correctas ...
09-05-2022 20:58:32 -> Pre_Procesado_5 -> INFO: 6.3. Identificación y separación OK
09-05-2022 20:58:32 -> Pre_Procesado_5 -> INFO: 6.4. Renombrando columnas correctas ...
09-05-2022 20:58:32 -> Pre_Procesado_5 -> INFO: 6.4. Renombrado OK
09-05-2022 20:58:32 -> Pre_Procesado_5 -> INFO: 6.5. Renombrando columnas incorrectas ...
09-05-2022 20:58:32 -> Pre_Procesado_5 -> INFO: 6.5. Renombrado OK
09-05-2022 20:58:32 -> Pre_Procesado_5 -> INFO: 6.2. Pre procesado 5 terminado correctamente
09-05-2022 20:58:32 -> Pre_Procesado_5 -> INFO: ----------
09-05-2022 20:58:32 -> Pre_Procesado_5 -> INFO: 6.1. Leyendo la data pre procesada 4 para la fecha: 2020-12-24 ...
09-05-2022 20:58:32 -> Pre_Procesado_5 -> INFO: 6.1. Data raw leída correctamente
09-05-2022 20:58:32 -> Pre_Procesado_5 -> INFO: 6.2. Iniciando pre procesado 5 ...
09-05-2022 20:58:32 -> Pre_Procesado_5 -> INFO: 6.3. Identificando columnas con JSON embebidos y separandolas de las columnas correctas ...
09-05-2022 20:58:32 -> Pre_Procesado_5 -> INFO: 6.3. Identificación y separación OK
09-05-2022 20:58:32 -> Pre_Procesado_5 -> INFO: 6.4. Renombrando columnas correctas ...
09-05-2022 20:58:32 -> Pre_Procesado_5 -> INFO: 6.4. Renombrado OK
09-05-2022 20:58:32 -> Pre_Procesado_5 -> INFO: 6.5. Renombrando columnas incorrectas ...
09-05-2022 20:58:32 -> Pre_Procesado_5 -> INFO: 6.5. Renombrado OK
09-05-2022 20:58:32 -> Pre_Procesado_5 -> INFO: 6.2. Pre procesado 5 terminado correctamente
09-05-2022 20:58:32 -> Pre_Procesado_5 -> INFO: ----------
09-05-2022 20:58:32 -> Pre_Procesado_5 -> INFO: 6.1. Leyendo la data pre procesada 4 para la fecha: 2020-12-25 ...
09-05-2022 20:58:32 -> Pre_Procesado_5 -> INFO: 6.1. Data raw leída correctamente
09-05-2022 20:58:32 -> Pre_Procesado_5 -> INFO: 6.2. Iniciando pre procesado 5 ...
09-05-2022 20:58:32 -> Pre_Procesado_5 -> INFO: 6.3. Identificando columnas con JSON embebidos y separandolas de las columnas correctas ...
09-05-2022 20:58:32 -> Pre_Procesado_5 -> INFO: 6.3. Identificación y separación OK
09-05-2022 20:58:32 -> Pre_Procesado_5 -> INFO: 6.4. Renombrando columnas correctas ...
09-05-2022 20:58:32 -> Pre_Procesado_5 -> INFO: 6.4. Renombrado OK
09-05-2022 20:58:32 -> Pre_Procesado_5 -> INFO: 6.5. Renombrando columnas incorrectas ...
09-05-2022 20:58:32 -> Pre_Procesado_5 -> INFO: 6.5. Renombrado OK
09-05-2022 20:58:32 -> Pre_Procesado_5 -> INFO: 6.2. Pre procesado 5 terminado correctamente
09-05-2022 20:58:32 -> Pre_Procesado_5 -> INFO: ----------
09-05-2022 20:58:32 -> Pre_Procesado_5 -> INFO: 6.1. Leyendo la data pre procesada 4 para la fecha: 2020-12-26 ...
09-05-2022 20:58:32 -> Pre_Procesado_5 -> INFO: 6.1. Data raw leída correctamente
09-05-2022 20:58:32 -> Pre_Procesado_5 -> INFO: 6.2. Iniciando pre procesado 5 ...
09-05-2022 20:58:32 -> Pre_Procesado_5 -> INFO: 6.3. Identificando columnas con JSON embebidos y separandolas de las columnas correctas ...
09-05-2022 20:58:32 -> Pre_Procesado_5 -> INFO: 6.3. Identificación y separación OK
09-05-2022 20:58:32 -> Pre_Procesado_5 -> INFO: 6.4. Renombrando columnas correctas ...
09-05-2022 20:58:32 -> Pre_Procesado_5 -> INFO: 6.4. Renombrado OK
09-05-2022 20:58:32 -> Pre_Procesado_5 -> INFO: 6.5. Renombrando columnas incorrectas ...
09-05-2022 20:58:32 -> Pre_Procesado_5 -> INFO: 6.5. Renombrado OK
09-05-2022 20:58:32 -> Pre_Procesado_5 -> INFO: 6.2. Pre procesado 5 terminado correctamente
09-05-2022 20:58:32 -> Pre_Procesado_5 -> INFO: ----------
09-05-2022 20:58:32 -> Pre_Procesado_5 -> INFO: 6.1. Leyendo la data pre procesada 4 para la fecha: 2020-12-27 ...
09-05-2022 20:58:32 -> Pre_Procesado_5 -> INFO: 6.1. Data raw leída correctamente
09-05-2022 20:58:32 -> Pre_Procesado_5 -> INFO: 6.2. Iniciando pre procesado 5 ...
09-05-2022 20:58:32 -> Pre_Procesado_5 -> INFO: 6.3. Identificando columnas con JSON embebidos y separandolas de las columnas correctas ...
09-05-2022 20:58:32 -> Pre_Procesado_5 -> INFO: 6.3. Identificación y separación OK
09-05-2022 20:58:32 -> Pre_Procesado_5 -> INFO: 6.4. Renombrando columnas correctas ...
09-05-2022 20:58:32 -> Pre_Procesado_5 -> INFO: 6.4. Renombrado OK
09-05-2022 20:58:32 -> Pre_Procesado_5 -> INFO: 6.5. Renombrando columnas incorrectas ...
09-05-2022 20:58:32 -> Pre_Procesado_5 -> INFO: 6.5. Renombrado OK
09-05-2022 20:58:32 -> Pre_Procesado_5 -> INFO: 6.2. Pre procesado 5 terminado correctamente
09-05-2022 20:58:32 -> Pre_Procesado_5 -> INFO: ----------
09-05-2022 20:58:32 -> Pre_Procesado_5 -> INFO: 6.1. Leyendo la data pre procesada 4 para la fecha: 2020-12-28 ...
09-05-2022 20:58:32 -> Pre_Procesado_5 -> INFO: 6.1. Data raw leída correctamente
09-05-2022 20:58:32 -> Pre_Procesado_5 -> INFO: 6.2. Iniciando pre procesado 5 ...
09-05-2022 20:58:32 -> Pre_Procesado_5 -> INFO: 6.3. Identificando columnas con JSON embebidos y separandolas de las columnas correctas ...
09-05-2022 20:58:32 -> Pre_Procesado_5 -> INFO: 6.3. Identificación y separación OK
09-05-2022 20:58:32 -> Pre_Procesado_5 -> INFO: 6.4. Renombrando columnas correctas ...
09-05-2022 20:58:32 -> Pre_Procesado_5 -> INFO: 6.4. Renombrado OK
09-05-2022 20:58:32 -> Pre_Procesado_5 -> INFO: 6.5. Renombrando columnas incorrectas ...
09-05-2022 20:58:32 -> Pre_Procesado_5 -> INFO: 6.5. Renombrado OK
09-05-2022 20:58:32 -> Pre_Procesado_5 -> INFO: 6.2. Pre procesado 5 terminado correctamente
09-05-2022 20:58:32 -> Pre_Procesado_5 -> INFO: ----------
09-05-2022 20:58:32 -> Pre_Procesado_5 -> INFO: 6.1. Leyendo la data pre procesada 4 para la fecha: 2020-12-29 ...
09-05-2022 20:58:32 -> Pre_Procesado_5 -> INFO: 6.1. Data raw leída correctamente
09-05-2022 20:58:32 -> Pre_Procesado_5 -> INFO: 6.2. Iniciando pre procesado 5 ...
09-05-2022 20:58:32 -> Pre_Procesado_5 -> INFO: 6.3. Identificando columnas con JSON embebidos y separandolas de las columnas correctas ...
09-05-2022 20:58:32 -> Pre_Procesado_5 -> INFO: 6.3. Identificación y separación OK
09-05-2022 20:58:32 -> Pre_Procesado_5 -> INFO: 6.4. Renombrando columnas correctas ...
09-05-2022 20:58:32 -> Pre_Procesado_5 -> INFO: 6.4. Renombrado OK
09-05-2022 20:58:32 -> Pre_Procesado_5 -> INFO: 6.5. Renombrando columnas incorrectas ...
09-05-2022 20:58:32 -> Pre_Procesado_5 -> INFO: 6.5. Renombrado OK
09-05-2022 20:58:32 -> Pre_Procesado_5 -> INFO: 6.2. Pre procesado 5 terminado correctamente
09-05-2022 20:58:32 -> Pre_Procesado_5 -> INFO: ----------
09-05-2022 20:58:32 -> Pre_Procesado_5 -> INFO: 6.1. Leyendo la data pre procesada 4 para la fecha: 2020-12-30 ...
09-05-2022 20:58:32 -> Pre_Procesado_5 -> INFO: 6.1. Data raw leída correctamente
09-05-2022 20:58:32 -> Pre_Procesado_5 -> INFO: 6.2. Iniciando pre procesado 5 ...
09-05-2022 20:58:32 -> Pre_Procesado_5 -> INFO: 6.3. Identificando columnas con JSON embebidos y separandolas de las columnas correctas ...
09-05-2022 20:58:32 -> Pre_Procesado_5 -> INFO: 6.3. Identificación y separación OK
09-05-2022 20:58:32 -> Pre_Procesado_5 -> INFO: 6.4. Renombrando columnas correctas ...
09-05-2022 20:58:32 -> Pre_Procesado_5 -> INFO: 6.4. Renombrado OK
09-05-2022 20:58:32 -> Pre_Procesado_5 -> INFO: 6.5. Renombrando columnas incorrectas ...
09-05-2022 20:58:32 -> Pre_Procesado_5 -> INFO: 6.5. Renombrado OK
09-05-2022 20:58:32 -> Pre_Procesado_5 -> INFO: 6.2. Pre procesado 5 terminado correctamente
09-05-2022 20:58:32 -> Pre_Procesado_5 -> INFO: ----------
09-05-2022 20:58:32 -> Pre_Procesado_5 -> INFO: 6.1. Leyendo la data pre procesada 4 para la fecha: 2020-12-31 ...
09-05-2022 20:58:32 -> Pre_Procesado_5 -> INFO: 6.1. Data raw leída correctamente
09-05-2022 20:58:32 -> Pre_Procesado_5 -> INFO: 6.2. Iniciando pre procesado 5 ...
09-05-2022 20:58:32 -> Pre_Procesado_5 -> INFO: 6.3. Identificando columnas con JSON embebidos y separandolas de las columnas correctas ...
09-05-2022 20:58:32 -> Pre_Procesado_5 -> INFO: 6.3. Identificación y separación OK
09-05-2022 20:58:32 -> Pre_Procesado_5 -> INFO: 6.4. Renombrando columnas correctas ...
09-05-2022 20:58:32 -> Pre_Procesado_5 -> INFO: 6.4. Renombrado OK
09-05-2022 20:58:32 -> Pre_Procesado_5 -> INFO: 6.5. Renombrando columnas incorrectas ...
09-05-2022 20:58:32 -> Pre_Procesado_5 -> INFO: 6.5. Renombrado OK
09-05-2022 20:58:32 -> Pre_Procesado_5 -> INFO: 6.2. Pre procesado 5 terminado correctamente
09-05-2022 20:58:32 -> Pre_Procesado_5 -> INFO: ----------
09-05-2022 20:58:32 -> Pre_Procesado_5 -> INFO: 6.1. Leyendo la data pre procesada 4 para la fecha: 2020-12-01 ...
09-05-2022 20:58:32 -> Pre_Procesado_5 -> INFO: 6.1. Data raw leída correctamente
09-05-2022 20:58:32 -> Pre_Procesado_5 -> INFO: 6.2. Iniciando pre procesado 5 ...
09-05-2022 20:58:32 -> Pre_Procesado_5 -> INFO: 6.3. Identificando columnas con JSON embebidos y separandolas de las columnas correctas ...
09-05-2022 20:58:32 -> Pre_Procesado_5 -> INFO: 6.3. Identificación y separación OK
09-05-2022 20:58:32 -> Pre_Procesado_5 -> INFO: 6.4. Renombrando columnas correctas ...
09-05-2022 20:58:32 -> Pre_Procesado_5 -> INFO: 6.4. Renombrado OK
09-05-2022 20:58:32 -> Pre_Procesado_5 -> INFO: 6.5. Renombrando columnas incorrectas ...
09-05-2022 20:58:32 -> Pre_Procesado_5 -> INFO: 6.5. Renombrado OK
09-05-2022 20:58:32 -> Pre_Procesado_5 -> INFO: 6.2. Pre procesado 5 terminado correctamente
09-05-2022 20:58:32 -> Pre_Procesado_5 -> INFO: ----------
09-05-2022 20:58:32 -> Pre_Procesado_5 -> INFO: 6.1. Leyendo la data pre procesada 4 para la fecha: 2020-12-02 ...
09-05-2022 20:58:32 -> Pre_Procesado_5 -> INFO: 6.1. Data raw leída correctamente
09-05-2022 20:58:32 -> Pre_Procesado_5 -> INFO: 6.2. Iniciando pre procesado 5 ...
09-05-2022 20:58:32 -> Pre_Procesado_5 -> INFO: 6.3. Identificando columnas con JSON embebidos y separandolas de las columnas correctas ...
09-05-2022 20:58:32 -> Pre_Procesado_5 -> INFO: 6.3. Identificación y separación OK
09-05-2022 20:58:32 -> Pre_Procesado_5 -> INFO: 6.4. Renombrando columnas correctas ...
09-05-2022 20:58:32 -> Pre_Procesado_5 -> INFO: 6.4. Renombrado OK
09-05-2022 20:58:32 -> Pre_Procesado_5 -> INFO: 6.5. Renombrando columnas incorrectas ...
09-05-2022 20:58:32 -> Pre_Procesado_5 -> INFO: 6.5. Renombrado OK
09-05-2022 20:58:32 -> Pre_Procesado_5 -> INFO: 6.2. Pre procesado 5 terminado correctamente
09-05-2022 20:58:32 -> Pre_Procesado_5 -> INFO: ----------
09-05-2022 20:58:32 -> Pre_Procesado_5 -> INFO: 6.1. Leyendo la data pre procesada 4 para la fecha: 2020-12-03 ...
09-05-2022 20:58:32 -> Pre_Procesado_5 -> INFO: 6.1. Data raw leída correctamente
09-05-2022 20:58:32 -> Pre_Procesado_5 -> INFO: 6.2. Iniciando pre procesado 5 ...
09-05-2022 20:58:32 -> Pre_Procesado_5 -> INFO: 6.3. Identificando columnas con JSON embebidos y separandolas de las columnas correctas ...
09-05-2022 20:58:32 -> Pre_Procesado_5 -> INFO: 6.3. Identificación y separación OK
09-05-2022 20:58:32 -> Pre_Procesado_5 -> INFO: 6.4. Renombrando columnas correctas ...
09-05-2022 20:58:32 -> Pre_Procesado_5 -> INFO: 6.4. Renombrado OK
09-05-2022 20:58:32 -> Pre_Procesado_5 -> INFO: 6.5. Renombrando columnas incorrectas ...
09-05-2022 20:58:32 -> Pre_Procesado_5 -> INFO: 6.5. Renombrado OK
09-05-2022 20:58:32 -> Pre_Procesado_5 -> INFO: 6.2. Pre procesado 5 terminado correctamente
09-05-2022 20:58:32 -> Pre_Procesado_5 -> INFO: ----------
09-05-2022 20:58:32 -> Pre_Procesado_5 -> INFO: 6.1. Leyendo la data pre procesada 4 para la fecha: 2020-12-04 ...
09-05-2022 20:58:32 -> Pre_Procesado_5 -> INFO: 6.1. Data raw leída correctamente
09-05-2022 20:58:32 -> Pre_Procesado_5 -> INFO: 6.2. Iniciando pre procesado 5 ...
09-05-2022 20:58:32 -> Pre_Procesado_5 -> INFO: 6.3. Identificando columnas con JSON embebidos y separandolas de las columnas correctas ...
09-05-2022 20:58:32 -> Pre_Procesado_5 -> INFO: 6.3. Identificación y separación OK
09-05-2022 20:58:32 -> Pre_Procesado_5 -> INFO: 6.4. Renombrando columnas correctas ...
09-05-2022 20:58:32 -> Pre_Procesado_5 -> INFO: 6.4. Renombrado OK
09-05-2022 20:58:32 -> Pre_Procesado_5 -> INFO: 6.5. Renombrando columnas incorrectas ...
09-05-2022 20:58:32 -> Pre_Procesado_5 -> INFO: 6.5. Renombrado OK
09-05-2022 20:58:32 -> Pre_Procesado_5 -> INFO: 6.2. Pre procesado 5 terminado correctamente
09-05-2022 20:58:32 -> Pre_Procesado_5 -> INFO: ----------
09-05-2022 20:58:32 -> Pre_Procesado_5 -> INFO: 6.1. Leyendo la data pre procesada 4 para la fecha: 2020-12-05 ...
09-05-2022 20:58:32 -> Pre_Procesado_5 -> INFO: 6.1. Data raw leída correctamente
09-05-2022 20:58:32 -> Pre_Procesado_5 -> INFO: 6.2. Iniciando pre procesado 5 ...
09-05-2022 20:58:32 -> Pre_Procesado_5 -> INFO: 6.3. Identificando columnas con JSON embebidos y separandolas de las columnas correctas ...
09-05-2022 20:58:32 -> Pre_Procesado_5 -> INFO: 6.3. Identificación y separación OK
09-05-2022 20:58:32 -> Pre_Procesado_5 -> INFO: 6.4. Renombrando columnas correctas ...
09-05-2022 20:58:32 -> Pre_Procesado_5 -> INFO: 6.4. Renombrado OK
09-05-2022 20:58:32 -> Pre_Procesado_5 -> INFO: 6.5. Renombrando columnas incorrectas ...
09-05-2022 20:58:32 -> Pre_Procesado_5 -> INFO: 6.5. Renombrado OK
09-05-2022 20:58:32 -> Pre_Procesado_5 -> INFO: 6.2. Pre procesado 5 terminado correctamente
09-05-2022 20:58:32 -> Pre_Procesado_5 -> INFO: ----------
09-05-2022 20:58:32 -> Pre_Procesado_5 -> INFO: 6.1. Leyendo la data pre procesada 4 para la fecha: 2020-12-06 ...
09-05-2022 20:58:32 -> Pre_Procesado_5 -> INFO: 6.1. Data raw leída correctamente
09-05-2022 20:58:32 -> Pre_Procesado_5 -> INFO: 6.2. Iniciando pre procesado 5 ...
09-05-2022 20:58:32 -> Pre_Procesado_5 -> INFO: 6.3. Identificando columnas con JSON embebidos y separandolas de las columnas correctas ...
09-05-2022 20:58:32 -> Pre_Procesado_5 -> INFO: 6.3. Identificación y separación OK
09-05-2022 20:58:32 -> Pre_Procesado_5 -> INFO: 6.4. Renombrando columnas correctas ...
09-05-2022 20:58:32 -> Pre_Procesado_5 -> INFO: 6.4. Renombrado OK
09-05-2022 20:58:32 -> Pre_Procesado_5 -> INFO: 6.5. Renombrando columnas incorrectas ...
09-05-2022 20:58:32 -> Pre_Procesado_5 -> INFO: 6.5. Renombrado OK
09-05-2022 20:58:32 -> Pre_Procesado_5 -> INFO: 6.2. Pre procesado 5 terminado correctamente
09-05-2022 20:58:32 -> Pre_Procesado_5 -> INFO: ----------
09-05-2022 20:58:32 -> Pre_Procesado_5 -> INFO: 6.1. Leyendo la data pre procesada 4 para la fecha: 2020-12-07 ...
09-05-2022 20:58:32 -> Pre_Procesado_5 -> INFO: 6.1. Data raw leída correctamente
09-05-2022 20:58:32 -> Pre_Procesado_5 -> INFO: 6.2. Iniciando pre procesado 5 ...
09-05-2022 20:58:32 -> Pre_Procesado_5 -> INFO: 6.3. Identificando columnas con JSON embebidos y separandolas de las columnas correctas ...
09-05-2022 20:58:32 -> Pre_Procesado_5 -> INFO: 6.3. Identificación y separación OK
09-05-2022 20:58:32 -> Pre_Procesado_5 -> INFO: 6.4. Renombrando columnas correctas ...
09-05-2022 20:58:32 -> Pre_Procesado_5 -> INFO: 6.4. Renombrado OK
09-05-2022 20:58:32 -> Pre_Procesado_5 -> INFO: 6.5. Renombrando columnas incorrectas ...
09-05-2022 20:58:32 -> Pre_Procesado_5 -> INFO: 6.5. Renombrado OK
09-05-2022 20:58:32 -> Pre_Procesado_5 -> INFO: 6.2. Pre procesado 5 terminado correctamente
09-05-2022 20:58:32 -> Pre_Procesado_5 -> INFO: ----------
09-05-2022 20:58:32 -> Pre_Procesado_5 -> INFO: 6.1. Leyendo la data pre procesada 4 para la fecha: 2020-12-08 ...
09-05-2022 20:58:32 -> Pre_Procesado_5 -> INFO: 6.1. Data raw leída correctamente
09-05-2022 20:58:32 -> Pre_Procesado_5 -> INFO: 6.2. Iniciando pre procesado 5 ...
09-05-2022 20:58:32 -> Pre_Procesado_5 -> INFO: 6.3. Identificando columnas con JSON embebidos y separandolas de las columnas correctas ...
09-05-2022 20:58:32 -> Pre_Procesado_5 -> INFO: 6.3. Identificación y separación OK
09-05-2022 20:58:32 -> Pre_Procesado_5 -> INFO: 6.4. Renombrando columnas correctas ...
09-05-2022 20:58:32 -> Pre_Procesado_5 -> INFO: 6.4. Renombrado OK
09-05-2022 20:58:32 -> Pre_Procesado_5 -> INFO: 6.5. Renombrando columnas incorrectas ...
09-05-2022 20:58:32 -> Pre_Procesado_5 -> INFO: 6.5. Renombrado OK
09-05-2022 20:58:32 -> Pre_Procesado_5 -> INFO: 6.2. Pre procesado 5 terminado correctamente
09-05-2022 20:58:32 -> Pre_Procesado_5 -> INFO: ----------
09-05-2022 20:58:32 -> Pre_Procesado_5 -> INFO: 6.1. Leyendo la data pre procesada 4 para la fecha: 2020-12-09 ...
09-05-2022 20:58:32 -> Pre_Procesado_5 -> INFO: 6.1. Data raw leída correctamente
09-05-2022 20:58:32 -> Pre_Procesado_5 -> INFO: 6.2. Iniciando pre procesado 5 ...
09-05-2022 20:58:32 -> Pre_Procesado_5 -> INFO: 6.3. Identificando columnas con JSON embebidos y separandolas de las columnas correctas ...
09-05-2022 20:58:32 -> Pre_Procesado_5 -> INFO: 6.3. Identificación y separación OK
09-05-2022 20:58:32 -> Pre_Procesado_5 -> INFO: 6.4. Renombrando columnas correctas ...
09-05-2022 20:58:32 -> Pre_Procesado_5 -> INFO: 6.4. Renombrado OK
09-05-2022 20:58:32 -> Pre_Procesado_5 -> INFO: 6.5. Renombrando columnas incorrectas ...
09-05-2022 20:58:32 -> Pre_Procesado_5 -> INFO: 6.5. Renombrado OK
09-05-2022 20:58:32 -> Pre_Procesado_5 -> INFO: 6.2. Pre procesado 5 terminado correctamente
09-05-2022 20:58:32 -> Pre_Procesado_5 -> INFO: ----------
09-05-2022 20:58:32 -> Pre_Procesado_5 -> INFO: 6.1. Leyendo la data pre procesada 4 para la fecha: 2020-12-10 ...
09-05-2022 20:58:32 -> Pre_Procesado_5 -> INFO: 6.1. Data raw leída correctamente
09-05-2022 20:58:32 -> Pre_Procesado_5 -> INFO: 6.2. Iniciando pre procesado 5 ...
09-05-2022 20:58:32 -> Pre_Procesado_5 -> INFO: 6.3. Identificando columnas con JSON embebidos y separandolas de las columnas correctas ...
09-05-2022 20:58:32 -> Pre_Procesado_5 -> INFO: 6.3. Identificación y separación OK
09-05-2022 20:58:32 -> Pre_Procesado_5 -> INFO: 6.4. Renombrando columnas correctas ...
09-05-2022 20:58:32 -> Pre_Procesado_5 -> INFO: 6.4. Renombrado OK
09-05-2022 20:58:32 -> Pre_Procesado_5 -> INFO: 6.5. Renombrando columnas incorrectas ...
09-05-2022 20:58:32 -> Pre_Procesado_5 -> INFO: 6.5. Renombrado OK
09-05-2022 20:58:32 -> Pre_Procesado_5 -> INFO: 6.2. Pre procesado 5 terminado correctamente
09-05-2022 20:58:32 -> Pre_Procesado_5 -> INFO: ----------
09-05-2022 20:58:32 -> Pre_Procesado_5 -> INFO: 6.1. Leyendo la data pre procesada 4 para la fecha: 2020-12-11 ...
09-05-2022 20:58:32 -> Pre_Procesado_5 -> INFO: 6.1. Data raw leída correctamente
09-05-2022 20:58:32 -> Pre_Procesado_5 -> INFO: 6.2. Iniciando pre procesado 5 ...
09-05-2022 20:58:32 -> Pre_Procesado_5 -> INFO: 6.3. Identificando columnas con JSON embebidos y separandolas de las columnas correctas ...
09-05-2022 20:58:32 -> Pre_Procesado_5 -> INFO: 6.3. Identificación y separación OK
09-05-2022 20:58:32 -> Pre_Procesado_5 -> INFO: 6.4. Renombrando columnas correctas ...
09-05-2022 20:58:32 -> Pre_Procesado_5 -> INFO: 6.4. Renombrado OK
09-05-2022 20:58:32 -> Pre_Procesado_5 -> INFO: 6.5. Renombrando columnas incorrectas ...
09-05-2022 20:58:32 -> Pre_Procesado_5 -> INFO: 6.5. Renombrado OK
09-05-2022 20:58:32 -> Pre_Procesado_5 -> INFO: 6.2. Pre procesado 5 terminado correctamente
09-05-2022 20:58:32 -> Pre_Procesado_5 -> INFO: ----------
09-05-2022 20:58:32 -> Pre_Procesado_5 -> INFO: 6.1. Leyendo la data pre procesada 4 para la fecha: 2020-12-12 ...
09-05-2022 20:58:32 -> Pre_Procesado_5 -> INFO: 6.1. Data raw leída correctamente
09-05-2022 20:58:32 -> Pre_Procesado_5 -> INFO: 6.2. Iniciando pre procesado 5 ...
09-05-2022 20:58:32 -> Pre_Procesado_5 -> INFO: 6.3. Identificando columnas con JSON embebidos y separandolas de las columnas correctas ...
09-05-2022 20:58:32 -> Pre_Procesado_5 -> INFO: 6.3. Identificación y separación OK
09-05-2022 20:58:32 -> Pre_Procesado_5 -> INFO: 6.4. Renombrando columnas correctas ...
09-05-2022 20:58:32 -> Pre_Procesado_5 -> INFO: 6.4. Renombrado OK
09-05-2022 20:58:32 -> Pre_Procesado_5 -> INFO: 6.5. Renombrando columnas incorrectas ...
09-05-2022 20:58:32 -> Pre_Procesado_5 -> INFO: 6.5. Renombrado OK
09-05-2022 20:58:32 -> Pre_Procesado_5 -> INFO: 6.2. Pre procesado 5 terminado correctamente
09-05-2022 20:58:32 -> Pre_Procesado_5 -> INFO: ----------
09-05-2022 20:58:32 -> Pre_Procesado_5 -> INFO: 6.1. Leyendo la data pre procesada 4 para la fecha: 2020-12-13 ...
09-05-2022 20:58:32 -> Pre_Procesado_5 -> INFO: 6.1. Data raw leída correctamente
09-05-2022 20:58:32 -> Pre_Procesado_5 -> INFO: 6.2. Iniciando pre procesado 5 ...
09-05-2022 20:58:32 -> Pre_Procesado_5 -> INFO: 6.3. Identificando columnas con JSON embebidos y separandolas de las columnas correctas ...
09-05-2022 20:58:32 -> Pre_Procesado_5 -> INFO: 6.3. Identificación y separación OK
09-05-2022 20:58:32 -> Pre_Procesado_5 -> INFO: 6.4. Renombrando columnas correctas ...
09-05-2022 20:58:32 -> Pre_Procesado_5 -> INFO: 6.4. Renombrado OK
09-05-2022 20:58:32 -> Pre_Procesado_5 -> INFO: 6.5. Renombrando columnas incorrectas ...
09-05-2022 20:58:32 -> Pre_Procesado_5 -> INFO: 6.5. Renombrado OK
09-05-2022 20:58:32 -> Pre_Procesado_5 -> INFO: 6.2. Pre procesado 5 terminado correctamente
09-05-2022 20:58:32 -> Pre_Procesado_5 -> INFO: ----------
09-05-2022 20:58:32 -> Pre_Procesado_5 -> INFO: 6.1. Leyendo la data pre procesada 4 para la fecha: 2020-12-14 ...
09-05-2022 20:58:32 -> Pre_Procesado_5 -> INFO: 6.1. Data raw leída correctamente
09-05-2022 20:58:32 -> Pre_Procesado_5 -> INFO: 6.2. Iniciando pre procesado 5 ...
09-05-2022 20:58:32 -> Pre_Procesado_5 -> INFO: 6.3. Identificando columnas con JSON embebidos y separandolas de las columnas correctas ...
09-05-2022 20:58:32 -> Pre_Procesado_5 -> INFO: 6.3. Identificación y separación OK
09-05-2022 20:58:32 -> Pre_Procesado_5 -> INFO: 6.4. Renombrando columnas correctas ...
09-05-2022 20:58:32 -> Pre_Procesado_5 -> INFO: 6.4. Renombrado OK
09-05-2022 20:58:32 -> Pre_Procesado_5 -> INFO: 6.5. Renombrando columnas incorrectas ...
09-05-2022 20:58:32 -> Pre_Procesado_5 -> INFO: 6.5. Renombrado OK
09-05-2022 20:58:32 -> Pre_Procesado_5 -> INFO: 6.2. Pre procesado 5 terminado correctamente
09-05-2022 20:58:32 -> Pre_Procesado_5 -> INFO: ----------
09-05-2022 20:58:32 -> Pre_Procesado_5 -> INFO: 6.1. Leyendo la data pre procesada 4 para la fecha: 2020-12-15 ...
09-05-2022 20:58:32 -> Pre_Procesado_5 -> INFO: 6.1. Data raw leída correctamente
09-05-2022 20:58:32 -> Pre_Procesado_5 -> INFO: 6.2. Iniciando pre procesado 5 ...
09-05-2022 20:58:32 -> Pre_Procesado_5 -> INFO: 6.3. Identificando columnas con JSON embebidos y separandolas de las columnas correctas ...
09-05-2022 20:58:32 -> Pre_Procesado_5 -> INFO: 6.3. Identificación y separación OK
09-05-2022 20:58:32 -> Pre_Procesado_5 -> INFO: 6.4. Renombrando columnas correctas ...
09-05-2022 20:58:32 -> Pre_Procesado_5 -> INFO: 6.4. Renombrado OK
09-05-2022 20:58:32 -> Pre_Procesado_5 -> INFO: 6.5. Renombrando columnas incorrectas ...
09-05-2022 20:58:32 -> Pre_Procesado_5 -> INFO: 6.5. Renombrado OK
09-05-2022 20:58:32 -> Pre_Procesado_5 -> INFO: 6.2. Pre procesado 5 terminado correctamente
09-05-2022 20:58:32 -> Pre_Procesado_5 -> INFO: ----------
09-05-2022 20:58:32 -> Pre_Procesado_5 -> INFO: 6.1. Leyendo la data pre procesada 4 para la fecha: 2020-12-16 ...
09-05-2022 20:58:32 -> Pre_Procesado_5 -> INFO: 6.1. Data raw leída correctamente
09-05-2022 20:58:32 -> Pre_Procesado_5 -> INFO: 6.2. Iniciando pre procesado 5 ...
09-05-2022 20:58:32 -> Pre_Procesado_5 -> INFO: 6.3. Identificando columnas con JSON embebidos y separandolas de las columnas correctas ...
09-05-2022 20:58:32 -> Pre_Procesado_5 -> INFO: 6.3. Identificación y separación OK
09-05-2022 20:58:32 -> Pre_Procesado_5 -> INFO: 6.4. Renombrando columnas correctas ...
09-05-2022 20:58:32 -> Pre_Procesado_5 -> INFO: 6.4. Renombrado OK
09-05-2022 20:58:32 -> Pre_Procesado_5 -> INFO: 6.5. Renombrando columnas incorrectas ...
09-05-2022 20:58:32 -> Pre_Procesado_5 -> INFO: 6.5. Renombrado OK
09-05-2022 20:58:32 -> Pre_Procesado_5 -> INFO: 6.2. Pre procesado 5 terminado correctamente
09-05-2022 20:58:32 -> Pre_Procesado_5 -> INFO: ----------
09-05-2022 20:58:32 -> Pre_Procesado_5 -> INFO: 6.1. Leyendo la data pre procesada 4 para la fecha: 2020-12-17 ...
09-05-2022 20:58:32 -> Pre_Procesado_5 -> INFO: 6.1. Data raw leída correctamente
09-05-2022 20:58:32 -> Pre_Procesado_5 -> INFO: 6.2. Iniciando pre procesado 5 ...
09-05-2022 20:58:32 -> Pre_Procesado_5 -> INFO: 6.3. Identificando columnas con JSON embebidos y separandolas de las columnas correctas ...
09-05-2022 20:58:32 -> Pre_Procesado_5 -> INFO: 6.3. Identificación y separación OK
09-05-2022 20:58:32 -> Pre_Procesado_5 -> INFO: 6.4. Renombrando columnas correctas ...
09-05-2022 20:58:32 -> Pre_Procesado_5 -> INFO: 6.4. Renombrado OK
09-05-2022 20:58:32 -> Pre_Procesado_5 -> INFO: 6.5. Renombrando columnas incorrectas ...
09-05-2022 20:58:32 -> Pre_Procesado_5 -> INFO: 6.5. Renombrado OK
09-05-2022 20:58:32 -> Pre_Procesado_5 -> INFO: 6.2. Pre procesado 5 terminado correctamente
09-05-2022 20:58:32 -> Pre_Procesado_5 -> INFO: ----------
09-05-2022 20:58:32 -> Pre_Procesado_5 -> INFO: 6.1. Leyendo la data pre procesada 4 para la fecha: 2020-12-18 ...
09-05-2022 20:58:32 -> Pre_Procesado_5 -> INFO: 6.1. Data raw leída correctamente
09-05-2022 20:58:32 -> Pre_Procesado_5 -> INFO: 6.2. Iniciando pre procesado 5 ...
09-05-2022 20:58:32 -> Pre_Procesado_5 -> INFO: 6.3. Identificando columnas con JSON embebidos y separandolas de las columnas correctas ...
09-05-2022 20:58:32 -> Pre_Procesado_5 -> INFO: 6.3. Identificación y separación OK
09-05-2022 20:58:32 -> Pre_Procesado_5 -> INFO: 6.4. Renombrando columnas correctas ...
09-05-2022 20:58:32 -> Pre_Procesado_5 -> INFO: 6.4. Renombrado OK
09-05-2022 20:58:32 -> Pre_Procesado_5 -> INFO: 6.5. Renombrando columnas incorrectas ...
09-05-2022 20:58:32 -> Pre_Procesado_5 -> INFO: 6.5. Renombrado OK
09-05-2022 20:58:32 -> Pre_Procesado_5 -> INFO: 6.2. Pre procesado 5 terminado correctamente
09-05-2022 20:58:32 -> Pre_Procesado_5 -> INFO: ----------
09-05-2022 20:58:32 -> Pre_Procesado_5 -> INFO: 6.1. Leyendo la data pre procesada 4 para la fecha: 2020-12-19 ...
09-05-2022 20:58:32 -> Pre_Procesado_5 -> INFO: 6.1. Data raw leída correctamente
09-05-2022 20:58:32 -> Pre_Procesado_5 -> INFO: 6.2. Iniciando pre procesado 5 ...
09-05-2022 20:58:32 -> Pre_Procesado_5 -> INFO: 6.3. Identificando columnas con JSON embebidos y separandolas de las columnas correctas ...
09-05-2022 20:58:32 -> Pre_Procesado_5 -> INFO: 6.3. Identificación y separación OK
09-05-2022 20:58:32 -> Pre_Procesado_5 -> INFO: 6.4. Renombrando columnas correctas ...
09-05-2022 20:58:32 -> Pre_Procesado_5 -> INFO: 6.4. Renombrado OK
09-05-2022 20:58:32 -> Pre_Procesado_5 -> INFO: 6.5. Renombrando columnas incorrectas ...
09-05-2022 20:58:32 -> Pre_Procesado_5 -> INFO: 6.5. Renombrado OK
09-05-2022 20:58:32 -> Pre_Procesado_5 -> INFO: 6.2. Pre procesado 5 terminado correctamente
09-05-2022 20:58:32 -> Pre_Procesado_5 -> INFO: ----------
09-05-2022 20:58:32 -> Pre_Procesado_5 -> INFO: 6.1. Leyendo la data pre procesada 4 para la fecha: 2020-12-20 ...
09-05-2022 20:58:32 -> Pre_Procesado_5 -> INFO: 6.1. Data raw leída correctamente
09-05-2022 20:58:32 -> Pre_Procesado_5 -> INFO: 6.2. Iniciando pre procesado 5 ...
09-05-2022 20:58:32 -> Pre_Procesado_5 -> INFO: 6.3. Identificando columnas con JSON embebidos y separandolas de las columnas correctas ...
09-05-2022 20:58:32 -> Pre_Procesado_5 -> INFO: 6.3. Identificación y separación OK
09-05-2022 20:58:32 -> Pre_Procesado_5 -> INFO: 6.4. Renombrando columnas correctas ...
09-05-2022 20:58:32 -> Pre_Procesado_5 -> INFO: 6.4. Renombrado OK
09-05-2022 20:58:32 -> Pre_Procesado_5 -> INFO: 6.5. Renombrando columnas incorrectas ...
09-05-2022 20:58:32 -> Pre_Procesado_5 -> INFO: 6.5. Renombrado OK
09-05-2022 20:58:32 -> Pre_Procesado_5 -> INFO: 6.2. Pre procesado 5 terminado correctamente
09-05-2022 20:58:32 -> Pre_Procesado_5 -> INFO: ----------
09-05-2022 20:58:32 -> Pre_Procesado_5 -> INFO: 6.1. Leyendo la data pre procesada 4 para la fecha: 2020-12-21 ...
09-05-2022 20:58:32 -> Pre_Procesado_5 -> INFO: 6.1. Data raw leída correctamente
09-05-2022 20:58:32 -> Pre_Procesado_5 -> INFO: 6.2. Iniciando pre procesado 5 ...
09-05-2022 20:58:32 -> Pre_Procesado_5 -> INFO: 6.3. Identificando columnas con JSON embebidos y separandolas de las columnas correctas ...
09-05-2022 20:58:32 -> Pre_Procesado_5 -> INFO: 6.3. Identificación y separación OK
09-05-2022 20:58:32 -> Pre_Procesado_5 -> INFO: 6.4. Renombrando columnas correctas ...
09-05-2022 20:58:32 -> Pre_Procesado_5 -> INFO: 6.4. Renombrado OK
09-05-2022 20:58:32 -> Pre_Procesado_5 -> INFO: 6.5. Renombrando columnas incorrectas ...
09-05-2022 20:58:32 -> Pre_Procesado_5 -> INFO: 6.5. Renombrado OK
09-05-2022 20:58:32 -> Pre_Procesado_5 -> INFO: 6.2. Pre procesado 5 terminado correctamente
09-05-2022 20:58:32 -> Pre_Procesado_5 -> INFO: ----------
09-05-2022 20:58:32 -> Pre_Procesado_5 -> INFO: 6.1. Leyendo la data pre procesada 4 para la fecha: 2020-12-22 ...
09-05-2022 20:58:32 -> Pre_Procesado_5 -> INFO: 6.1. Data raw leída correctamente
09-05-2022 20:58:32 -> Pre_Procesado_5 -> INFO: 6.2. Iniciando pre procesado 5 ...
09-05-2022 20:58:32 -> Pre_Procesado_5 -> INFO: 6.3. Identificando columnas con JSON embebidos y separandolas de las columnas correctas ...
09-05-2022 20:58:32 -> Pre_Procesado_5 -> INFO: 6.3. Identificación y separación OK
09-05-2022 20:58:32 -> Pre_Procesado_5 -> INFO: 6.4. Renombrando columnas correctas ...
09-05-2022 20:58:32 -> Pre_Procesado_5 -> INFO: 6.4. Renombrado OK
09-05-2022 20:58:32 -> Pre_Procesado_5 -> INFO: 6.5. Renombrando columnas incorrectas ...
09-05-2022 20:58:32 -> Pre_Procesado_5 -> INFO: 6.5. Renombrado OK
09-05-2022 20:58:32 -> Pre_Procesado_5 -> INFO: 6.2. Pre procesado 5 terminado correctamente
09-05-2022 20:58:32 -> Pre_Procesado_5 -> INFO: ----------
09-05-2022 20:58:32 -> Pre_Procesado_5 -> INFO: 6.1. Leyendo la data pre procesada 4 para la fecha: 2020-12-23 ...
09-05-2022 20:58:32 -> Pre_Procesado_5 -> INFO: 6.1. Data raw leída correctamente
09-05-2022 20:58:32 -> Pre_Procesado_5 -> INFO: 6.2. Iniciando pre procesado 5 ...
09-05-2022 20:58:32 -> Pre_Procesado_5 -> INFO: 6.3. Identificando columnas con JSON embebidos y separandolas de las columnas correctas ...
09-05-2022 20:58:32 -> Pre_Procesado_5 -> INFO: 6.3. Identificación y separación OK
09-05-2022 20:58:32 -> Pre_Procesado_5 -> INFO: 6.4. Renombrando columnas correctas ...
09-05-2022 20:58:32 -> Pre_Procesado_5 -> INFO: 6.4. Renombrado OK
09-05-2022 20:58:32 -> Pre_Procesado_5 -> INFO: 6.5. Renombrando columnas incorrectas ...
09-05-2022 20:58:32 -> Pre_Procesado_5 -> INFO: 6.5. Renombrado OK
09-05-2022 20:58:32 -> Pre_Procesado_5 -> INFO: 6.2. Pre procesado 5 terminado correctamente
09-05-2022 20:58:32 -> Pre_Procesado_5 -> INFO: ----------
09-05-2022 20:58:32 -> Pre_Procesado_5 -> INFO: 6.1. Leyendo la data pre procesada 4 para la fecha: 2020-12-24 ...
09-05-2022 20:58:32 -> Pre_Procesado_5 -> INFO: 6.1. Data raw leída correctamente
09-05-2022 20:58:32 -> Pre_Procesado_5 -> INFO: 6.2. Iniciando pre procesado 5 ...
09-05-2022 20:58:32 -> Pre_Procesado_5 -> INFO: 6.3. Identificando columnas con JSON embebidos y separandolas de las columnas correctas ...
09-05-2022 20:58:32 -> Pre_Procesado_5 -> INFO: 6.3. Identificación y separación OK
09-05-2022 20:58:32 -> Pre_Procesado_5 -> INFO: 6.4. Renombrando columnas correctas ...
09-05-2022 20:58:32 -> Pre_Procesado_5 -> INFO: 6.4. Renombrado OK
09-05-2022 20:58:32 -> Pre_Procesado_5 -> INFO: 6.5. Renombrando columnas incorrectas ...
09-05-2022 20:58:32 -> Pre_Procesado_5 -> INFO: 6.5. Renombrado OK
09-05-2022 20:58:32 -> Pre_Procesado_5 -> INFO: 6.2. Pre procesado 5 terminado correctamente
09-05-2022 20:58:32 -> Pre_Procesado_5 -> INFO: ----------
09-05-2022 20:58:32 -> Pre_Procesado_5 -> INFO: 6.1. Leyendo la data pre procesada 4 para la fecha: 2020-12-25 ...
09-05-2022 20:58:32 -> Pre_Procesado_5 -> INFO: 6.1. Data raw leída correctamente
09-05-2022 20:58:32 -> Pre_Procesado_5 -> INFO: 6.2. Iniciando pre procesado 5 ...
09-05-2022 20:58:32 -> Pre_Procesado_5 -> INFO: 6.3. Identificando columnas con JSON embebidos y separandolas de las columnas correctas ...
09-05-2022 20:58:32 -> Pre_Procesado_5 -> INFO: 6.3. Identificación y separación OK
09-05-2022 20:58:32 -> Pre_Procesado_5 -> INFO: 6.4. Renombrando columnas correctas ...
09-05-2022 20:58:32 -> Pre_Procesado_5 -> INFO: 6.4. Renombrado OK
09-05-2022 20:58:32 -> Pre_Procesado_5 -> INFO: 6.5. Renombrando columnas incorrectas ...
09-05-2022 20:58:32 -> Pre_Procesado_5 -> INFO: 6.5. Renombrado OK
09-05-2022 20:58:32 -> Pre_Procesado_5 -> INFO: 6.2. Pre procesado 5 terminado correctamente
09-05-2022 20:58:32 -> Pre_Procesado_5 -> INFO: ----------
09-05-2022 20:58:32 -> Pre_Procesado_5 -> INFO: 6.1. Leyendo la data pre procesada 4 para la fecha: 2020-12-26 ...
09-05-2022 20:58:32 -> Pre_Procesado_5 -> INFO: 6.1. Data raw leída correctamente
09-05-2022 20:58:32 -> Pre_Procesado_5 -> INFO: 6.2. Iniciando pre procesado 5 ...
09-05-2022 20:58:32 -> Pre_Procesado_5 -> INFO: 6.3. Identificando columnas con JSON embebidos y separandolas de las columnas correctas ...
09-05-2022 20:58:32 -> Pre_Procesado_5 -> INFO: 6.3. Identificación y separación OK
09-05-2022 20:58:32 -> Pre_Procesado_5 -> INFO: 6.4. Renombrando columnas correctas ...
09-05-2022 20:58:32 -> Pre_Procesado_5 -> INFO: 6.4. Renombrado OK
09-05-2022 20:58:32 -> Pre_Procesado_5 -> INFO: 6.5. Renombrando columnas incorrectas ...
09-05-2022 20:58:32 -> Pre_Procesado_5 -> INFO: 6.5. Renombrado OK
09-05-2022 20:58:32 -> Pre_Procesado_5 -> INFO: 6.2. Pre procesado 5 terminado correctamente
09-05-2022 20:58:32 -> Pre_Procesado_5 -> INFO: ----------
09-05-2022 20:58:32 -> Pre_Procesado_5 -> INFO: 6.1. Leyendo la data pre procesada 4 para la fecha: 2020-12-27 ...
09-05-2022 20:58:32 -> Pre_Procesado_5 -> INFO: 6.1. Data raw leída correctamente
09-05-2022 20:58:32 -> Pre_Procesado_5 -> INFO: 6.2. Iniciando pre procesado 5 ...
09-05-2022 20:58:32 -> Pre_Procesado_5 -> INFO: 6.3. Identificando columnas con JSON embebidos y separandolas de las columnas correctas ...
09-05-2022 20:58:32 -> Pre_Procesado_5 -> INFO: 6.3. Identificación y separación OK
09-05-2022 20:58:32 -> Pre_Procesado_5 -> INFO: 6.4. Renombrando columnas correctas ...
09-05-2022 20:58:32 -> Pre_Procesado_5 -> INFO: 6.4. Renombrado OK
09-05-2022 20:58:32 -> Pre_Procesado_5 -> INFO: 6.5. Renombrando columnas incorrectas ...
09-05-2022 20:58:32 -> Pre_Procesado_5 -> INFO: 6.5. Renombrado OK
09-05-2022 20:58:32 -> Pre_Procesado_5 -> INFO: 6.2. Pre procesado 5 terminado correctamente
09-05-2022 20:58:32 -> Pre_Procesado_5 -> INFO: ----------
09-05-2022 20:58:32 -> Pre_Procesado_5 -> INFO: 6.1. Leyendo la data pre procesada 4 para la fecha: 2020-12-28 ...
09-05-2022 20:58:32 -> Pre_Procesado_5 -> INFO: 6.1. Data raw leída correctamente
09-05-2022 20:58:32 -> Pre_Procesado_5 -> INFO: 6.2. Iniciando pre procesado 5 ...
09-05-2022 20:58:32 -> Pre_Procesado_5 -> INFO: 6.3. Identificando columnas con JSON embebidos y separandolas de las columnas correctas ...
09-05-2022 20:58:32 -> Pre_Procesado_5 -> INFO: 6.3. Identificación y separación OK
09-05-2022 20:58:32 -> Pre_Procesado_5 -> INFO: 6.4. Renombrando columnas correctas ...
09-05-2022 20:58:32 -> Pre_Procesado_5 -> INFO: 6.4. Renombrado OK
09-05-2022 20:58:32 -> Pre_Procesado_5 -> INFO: 6.5. Renombrando columnas incorrectas ...
09-05-2022 20:58:32 -> Pre_Procesado_5 -> INFO: 6.5. Renombrado OK
09-05-2022 20:58:32 -> Pre_Procesado_5 -> INFO: 6.2. Pre procesado 5 terminado correctamente
09-05-2022 20:58:32 -> Pre_Procesado_5 -> INFO: ----------
09-05-2022 20:58:32 -> Pre_Procesado_5 -> INFO: 6.1. Leyendo la data pre procesada 4 para la fecha: 2020-12-29 ...
09-05-2022 20:58:32 -> Pre_Procesado_5 -> INFO: 6.1. Data raw leída correctamente
09-05-2022 20:58:32 -> Pre_Procesado_5 -> INFO: 6.2. Iniciando pre procesado 5 ...
09-05-2022 20:58:32 -> Pre_Procesado_5 -> INFO: 6.3. Identificando columnas con JSON embebidos y separandolas de las columnas correctas ...
09-05-2022 20:58:32 -> Pre_Procesado_5 -> INFO: 6.3. Identificación y separación OK
09-05-2022 20:58:32 -> Pre_Procesado_5 -> INFO: 6.4. Renombrando columnas correctas ...
09-05-2022 20:58:32 -> Pre_Procesado_5 -> INFO: 6.4. Renombrado OK
09-05-2022 20:58:32 -> Pre_Procesado_5 -> INFO: 6.5. Renombrando columnas incorrectas ...
09-05-2022 20:58:32 -> Pre_Procesado_5 -> INFO: 6.5. Renombrado OK
09-05-2022 20:58:32 -> Pre_Procesado_5 -> INFO: 6.2. Pre procesado 5 terminado correctamente
09-05-2022 20:58:32 -> Pre_Procesado_5 -> INFO: ----------
09-05-2022 20:58:32 -> Pre_Procesado_5 -> INFO: 6.1. Leyendo la data pre procesada 4 para la fecha: 2020-12-30 ...
09-05-2022 20:58:32 -> Pre_Procesado_5 -> INFO: 6.1. Data raw leída correctamente
09-05-2022 20:58:32 -> Pre_Procesado_5 -> INFO: 6.2. Iniciando pre procesado 5 ...
09-05-2022 20:58:32 -> Pre_Procesado_5 -> INFO: 6.3. Identificando columnas con JSON embebidos y separandolas de las columnas correctas ...
09-05-2022 20:58:32 -> Pre_Procesado_5 -> INFO: 6.3. Identificación y separación OK
09-05-2022 20:58:32 -> Pre_Procesado_5 -> INFO: 6.4. Renombrando columnas correctas ...
09-05-2022 20:58:32 -> Pre_Procesado_5 -> INFO: 6.4. Renombrado OK
09-05-2022 20:58:32 -> Pre_Procesado_5 -> INFO: 6.5. Renombrando columnas incorrectas ...
09-05-2022 20:58:32 -> Pre_Procesado_5 -> INFO: 6.5. Renombrado OK
09-05-2022 20:58:32 -> Pre_Procesado_5 -> INFO: 6.2. Pre procesado 5 terminado correctamente
09-05-2022 20:58:32 -> Pre_Procesado_5 -> INFO: ----------
09-05-2022 20:58:32 -> Pre_Procesado_5 -> INFO: 6.1. Leyendo la data pre procesada 4 para la fecha: 2020-12-31 ...
09-05-2022 20:58:32 -> Pre_Procesado_5 -> INFO: 6.1. Data raw leída correctamente
09-05-2022 20:58:32 -> Pre_Procesado_5 -> INFO: 6.2. Iniciando pre procesado 5 ...
09-05-2022 20:58:32 -> Pre_Procesado_5 -> INFO: 6.3. Identificando columnas con JSON embebidos y separandolas de las columnas correctas ...
09-05-2022 20:58:32 -> Pre_Procesado_5 -> INFO: 6.3. Identificación y separación OK
09-05-2022 20:58:32 -> Pre_Procesado_5 -> INFO: 6.4. Renombrando columnas correctas ...
09-05-2022 20:58:32 -> Pre_Procesado_5 -> INFO: 6.4. Renombrado OK
09-05-2022 20:58:32 -> Pre_Procesado_5 -> INFO: 6.5. Renombrando columnas incorrectas ...
09-05-2022 20:58:32 -> Pre_Procesado_5 -> INFO: 6.5. Renombrado OK
09-05-2022 20:58:32 -> Pre_Procesado_5 -> INFO: 6.2. Pre procesado 5 terminado correctamente
09-05-2022 20:58:32 -> Pre_Procesado_5 -> INFO: 6. Etapa concluida correctamente
09-05-2022 20:58:32 -> Pre_Procesado_5 -> INFO: Duración de la etapa: 00:00:01.14
